{"/Users/mbuchhorn/projects/dataspaces/MVD-health/frontend/dist/assets/index-EGKci9l-.js": {"path":"/Users/mbuchhorn/projects/dataspaces/MVD-health/frontend/dist/assets/index-EGKci9l-.js","all":true,"statementMap":{"0":{"start":{"line":1,"column":0},"end":{"line":1,"column":861}},"1":{"start":{"line":2,"column":0},"end":{"line":2,"column":17}},"2":{"start":{"line":3,"column":0},"end":{"line":3,"column":26}},"3":{"start":{"line":4,"column":0},"end":{"line":4,"column":2}},"4":{"start":{"line":5,"column":0},"end":{"line":5,"column":51}},"5":{"start":{"line":6,"column":0},"end":{"line":6,"column":2}},"6":{"start":{"line":7,"column":0},"end":{"line":7,"column":66}},"7":{"start":{"line":8,"column":0},"end":{"line":8,"column":58}},"8":{"start":{"line":9,"column":0},"end":{"line":9,"column":6591}},"9":{"start":{"line":10,"column":0},"end":{"line":10,"column":17}},"10":{"start":{"line":11,"column":0},"end":{"line":11,"column":38}},"11":{"start":{"line":12,"column":0},"end":{"line":12,"column":2}},"12":{"start":{"line":13,"column":0},"end":{"line":13,"column":51}},"13":{"start":{"line":14,"column":0},"end":{"line":14,"column":2}},"14":{"start":{"line":15,"column":0},"end":{"line":15,"column":66}},"15":{"start":{"line":16,"column":0},"end":{"line":16,"column":58}},"16":{"start":{"line":17,"column":0},"end":{"line":17,"column":667}},"17":{"start":{"line":18,"column":0},"end":{"line":18,"column":17}},"18":{"start":{"line":19,"column":0},"end":{"line":19,"column":30}},"19":{"start":{"line":20,"column":0},"end":{"line":20,"column":2}},"20":{"start":{"line":21,"column":0},"end":{"line":21,"column":51}},"21":{"start":{"line":22,"column":0},"end":{"line":22,"column":2}},"22":{"start":{"line":23,"column":0},"end":{"line":23,"column":66}},"23":{"start":{"line":24,"column":0},"end":{"line":24,"column":58}},"24":{"start":{"line":25,"column":0},"end":{"line":25,"column":3879}},"25":{"start":{"line":26,"column":0},"end":{"line":26,"column":17}},"26":{"start":{"line":27,"column":0},"end":{"line":27,"column":30}},"27":{"start":{"line":28,"column":0},"end":{"line":28,"column":2}},"28":{"start":{"line":29,"column":0},"end":{"line":29,"column":51}},"29":{"start":{"line":30,"column":0},"end":{"line":30,"column":2}},"30":{"start":{"line":31,"column":0},"end":{"line":31,"column":66}},"31":{"start":{"line":32,"column":0},"end":{"line":32,"column":58}},"32":{"start":{"line":33,"column":0},"end":{"line":33,"column":6108}},"33":{"start":{"line":34,"column":0},"end":{"line":34,"column":512}},"34":{"start":{"line":35,"column":0},"end":{"line":35,"column":20}},"35":{"start":{"line":36,"column":0},"end":{"line":36,"column":153}},"36":{"start":{"line":37,"column":0},"end":{"line":37,"column":37526}},"37":{"start":{"line":38,"column":0},"end":{"line":38,"column":27874}},"38":{"start":{"line":39,"column":0},"end":{"line":39,"column":37}},"39":{"start":{"line":40,"column":0},"end":{"line":40,"column":57527}},"40":{"start":{"line":41,"column":0},"end":{"line":41,"column":39}},"41":{"start":{"line":42,"column":0},"end":{"line":42,"column":2}},"42":{"start":{"line":43,"column":0},"end":{"line":43,"column":54}},"43":{"start":{"line":44,"column":0},"end":{"line":44,"column":66}},"44":{"start":{"line":45,"column":0},"end":{"line":45,"column":182}},"45":{"start":{"line":46,"column":0},"end":{"line":46,"column":39}},"46":{"start":{"line":47,"column":0},"end":{"line":47,"column":2}},"47":{"start":{"line":48,"column":0},"end":{"line":48,"column":54}},"48":{"start":{"line":49,"column":0},"end":{"line":49,"column":66}},"49":{"start":{"line":50,"column":0},"end":{"line":50,"column":477}},"50":{"start":{"line":51,"column":0},"end":{"line":51,"column":39}},"51":{"start":{"line":52,"column":0},"end":{"line":52,"column":2}},"52":{"start":{"line":53,"column":0},"end":{"line":53,"column":54}},"53":{"start":{"line":54,"column":0},"end":{"line":54,"column":66}},"54":{"start":{"line":55,"column":0},"end":{"line":55,"column":85}},"55":{"start":{"line":56,"column":0},"end":{"line":56,"column":39}},"56":{"start":{"line":57,"column":0},"end":{"line":57,"column":2}},"57":{"start":{"line":58,"column":0},"end":{"line":58,"column":54}},"58":{"start":{"line":59,"column":0},"end":{"line":59,"column":66}},"59":{"start":{"line":60,"column":0},"end":{"line":60,"column":197}},"60":{"start":{"line":61,"column":0},"end":{"line":61,"column":39}},"61":{"start":{"line":62,"column":0},"end":{"line":62,"column":2}},"62":{"start":{"line":63,"column":0},"end":{"line":63,"column":54}},"63":{"start":{"line":64,"column":0},"end":{"line":64,"column":66}},"64":{"start":{"line":65,"column":0},"end":{"line":65,"column":112}},"65":{"start":{"line":66,"column":0},"end":{"line":66,"column":39}},"66":{"start":{"line":67,"column":0},"end":{"line":67,"column":2}},"67":{"start":{"line":68,"column":0},"end":{"line":68,"column":54}},"68":{"start":{"line":69,"column":0},"end":{"line":69,"column":66}},"69":{"start":{"line":70,"column":0},"end":{"line":70,"column":171}},"70":{"start":{"line":71,"column":0},"end":{"line":71,"column":39}},"71":{"start":{"line":72,"column":0},"end":{"line":72,"column":2}},"72":{"start":{"line":73,"column":0},"end":{"line":73,"column":54}},"73":{"start":{"line":74,"column":0},"end":{"line":74,"column":66}},"74":{"start":{"line":75,"column":0},"end":{"line":75,"column":140}},"75":{"start":{"line":76,"column":0},"end":{"line":76,"column":39}},"76":{"start":{"line":77,"column":0},"end":{"line":77,"column":2}},"77":{"start":{"line":78,"column":0},"end":{"line":78,"column":54}},"78":{"start":{"line":79,"column":0},"end":{"line":79,"column":66}},"79":{"start":{"line":80,"column":0},"end":{"line":80,"column":75}},"80":{"start":{"line":81,"column":0},"end":{"line":81,"column":39}},"81":{"start":{"line":82,"column":0},"end":{"line":82,"column":2}},"82":{"start":{"line":83,"column":0},"end":{"line":83,"column":54}},"83":{"start":{"line":84,"column":0},"end":{"line":84,"column":66}},"84":{"start":{"line":85,"column":0},"end":{"line":85,"column":77}},"85":{"start":{"line":86,"column":0},"end":{"line":86,"column":39}},"86":{"start":{"line":87,"column":0},"end":{"line":87,"column":2}},"87":{"start":{"line":88,"column":0},"end":{"line":88,"column":54}},"88":{"start":{"line":89,"column":0},"end":{"line":89,"column":66}},"89":{"start":{"line":90,"column":0},"end":{"line":90,"column":131}},"90":{"start":{"line":91,"column":0},"end":{"line":91,"column":39}},"91":{"start":{"line":92,"column":0},"end":{"line":92,"column":2}},"92":{"start":{"line":93,"column":0},"end":{"line":93,"column":54}},"93":{"start":{"line":94,"column":0},"end":{"line":94,"column":66}},"94":{"start":{"line":95,"column":0},"end":{"line":95,"column":132}},"95":{"start":{"line":96,"column":0},"end":{"line":96,"column":39}},"96":{"start":{"line":97,"column":0},"end":{"line":97,"column":2}},"97":{"start":{"line":98,"column":0},"end":{"line":98,"column":54}},"98":{"start":{"line":99,"column":0},"end":{"line":99,"column":66}},"99":{"start":{"line":100,"column":0},"end":{"line":100,"column":191}},"100":{"start":{"line":101,"column":0},"end":{"line":101,"column":39}},"101":{"start":{"line":102,"column":0},"end":{"line":102,"column":2}},"102":{"start":{"line":103,"column":0},"end":{"line":103,"column":54}},"103":{"start":{"line":104,"column":0},"end":{"line":104,"column":66}},"104":{"start":{"line":105,"column":0},"end":{"line":105,"column":210}},"105":{"start":{"line":106,"column":0},"end":{"line":106,"column":39}},"106":{"start":{"line":107,"column":0},"end":{"line":107,"column":2}},"107":{"start":{"line":108,"column":0},"end":{"line":108,"column":54}},"108":{"start":{"line":109,"column":0},"end":{"line":109,"column":66}},"109":{"start":{"line":110,"column":0},"end":{"line":110,"column":227}},"110":{"start":{"line":111,"column":0},"end":{"line":111,"column":39}},"111":{"start":{"line":112,"column":0},"end":{"line":112,"column":2}},"112":{"start":{"line":113,"column":0},"end":{"line":113,"column":54}},"113":{"start":{"line":114,"column":0},"end":{"line":114,"column":66}},"114":{"start":{"line":115,"column":0},"end":{"line":115,"column":373}},"115":{"start":{"line":116,"column":0},"end":{"line":116,"column":39}},"116":{"start":{"line":117,"column":0},"end":{"line":117,"column":2}},"117":{"start":{"line":118,"column":0},"end":{"line":118,"column":54}},"118":{"start":{"line":119,"column":0},"end":{"line":119,"column":66}},"119":{"start":{"line":120,"column":0},"end":{"line":120,"column":344}},"120":{"start":{"line":121,"column":0},"end":{"line":121,"column":39}},"121":{"start":{"line":122,"column":0},"end":{"line":122,"column":2}},"122":{"start":{"line":123,"column":0},"end":{"line":123,"column":54}},"123":{"start":{"line":124,"column":0},"end":{"line":124,"column":66}},"124":{"start":{"line":125,"column":0},"end":{"line":125,"column":355}},"125":{"start":{"line":126,"column":0},"end":{"line":126,"column":39}},"126":{"start":{"line":127,"column":0},"end":{"line":127,"column":2}},"127":{"start":{"line":128,"column":0},"end":{"line":128,"column":54}},"128":{"start":{"line":129,"column":0},"end":{"line":129,"column":66}},"129":{"start":{"line":130,"column":0},"end":{"line":130,"column":86}},"130":{"start":{"line":131,"column":0},"end":{"line":131,"column":39}},"131":{"start":{"line":132,"column":0},"end":{"line":132,"column":2}},"132":{"start":{"line":133,"column":0},"end":{"line":133,"column":54}},"133":{"start":{"line":134,"column":0},"end":{"line":134,"column":66}},"134":{"start":{"line":135,"column":0},"end":{"line":135,"column":154}},"135":{"start":{"line":136,"column":0},"end":{"line":136,"column":39}},"136":{"start":{"line":137,"column":0},"end":{"line":137,"column":2}},"137":{"start":{"line":138,"column":0},"end":{"line":138,"column":54}},"138":{"start":{"line":139,"column":0},"end":{"line":139,"column":66}},"139":{"start":{"line":140,"column":0},"end":{"line":140,"column":152}},"140":{"start":{"line":141,"column":0},"end":{"line":141,"column":39}},"141":{"start":{"line":142,"column":0},"end":{"line":142,"column":2}},"142":{"start":{"line":143,"column":0},"end":{"line":143,"column":54}},"143":{"start":{"line":144,"column":0},"end":{"line":144,"column":66}},"144":{"start":{"line":145,"column":0},"end":{"line":145,"column":161}},"145":{"start":{"line":146,"column":0},"end":{"line":146,"column":39}},"146":{"start":{"line":147,"column":0},"end":{"line":147,"column":2}},"147":{"start":{"line":148,"column":0},"end":{"line":148,"column":54}},"148":{"start":{"line":149,"column":0},"end":{"line":149,"column":66}},"149":{"start":{"line":150,"column":0},"end":{"line":150,"column":82}},"150":{"start":{"line":151,"column":0},"end":{"line":151,"column":39}},"151":{"start":{"line":152,"column":0},"end":{"line":152,"column":2}},"152":{"start":{"line":153,"column":0},"end":{"line":153,"column":54}},"153":{"start":{"line":154,"column":0},"end":{"line":154,"column":66}},"154":{"start":{"line":155,"column":0},"end":{"line":155,"column":147}},"155":{"start":{"line":156,"column":0},"end":{"line":156,"column":39}},"156":{"start":{"line":157,"column":0},"end":{"line":157,"column":2}},"157":{"start":{"line":158,"column":0},"end":{"line":158,"column":54}},"158":{"start":{"line":159,"column":0},"end":{"line":159,"column":66}},"159":{"start":{"line":160,"column":0},"end":{"line":160,"column":120}},"160":{"start":{"line":161,"column":0},"end":{"line":161,"column":39}},"161":{"start":{"line":162,"column":0},"end":{"line":162,"column":2}},"162":{"start":{"line":163,"column":0},"end":{"line":163,"column":54}},"163":{"start":{"line":164,"column":0},"end":{"line":164,"column":66}},"164":{"start":{"line":165,"column":0},"end":{"line":165,"column":115}},"165":{"start":{"line":166,"column":0},"end":{"line":166,"column":39}},"166":{"start":{"line":167,"column":0},"end":{"line":167,"column":2}},"167":{"start":{"line":168,"column":0},"end":{"line":168,"column":54}},"168":{"start":{"line":169,"column":0},"end":{"line":169,"column":66}},"169":{"start":{"line":170,"column":0},"end":{"line":170,"column":100}},"170":{"start":{"line":171,"column":0},"end":{"line":171,"column":39}},"171":{"start":{"line":172,"column":0},"end":{"line":172,"column":2}},"172":{"start":{"line":173,"column":0},"end":{"line":173,"column":54}},"173":{"start":{"line":174,"column":0},"end":{"line":174,"column":66}},"174":{"start":{"line":175,"column":0},"end":{"line":175,"column":286}},"175":{"start":{"line":176,"column":0},"end":{"line":176,"column":39}},"176":{"start":{"line":177,"column":0},"end":{"line":177,"column":2}},"177":{"start":{"line":178,"column":0},"end":{"line":178,"column":54}},"178":{"start":{"line":179,"column":0},"end":{"line":179,"column":66}},"179":{"start":{"line":180,"column":0},"end":{"line":180,"column":252441}},"180":{"start":{"line":181,"column":0},"end":{"line":181,"column":14602}},"181":{"start":{"line":182,"column":0},"end":{"line":182,"column":2869}},"182":{"start":{"line":183,"column":0},"end":{"line":183,"column":12152}},"183":{"start":{"line":184,"column":0},"end":{"line":184,"column":18}},"184":{"start":{"line":185,"column":0},"end":{"line":185,"column":2244}},"185":{"start":{"line":186,"column":0},"end":{"line":186,"column":63307}},"186":{"start":{"line":187,"column":0},"end":{"line":187,"column":1808}}},"s":{"0":0,"1":0,"2":0,"3":0,"4":0,"5":0,"6":0,"7":0,"8":0,"9":0,"10":0,"11":0,"12":0,"13":0,"14":0,"15":0,"16":0,"17":0,"18":0,"19":0,"20":0,"21":0,"22":0,"23":0,"24":0,"25":0,"26":0,"27":0,"28":0,"29":0,"30":0,"31":0,"32":0,"33":0,"34":0,"35":0,"36":0,"37":0,"38":0,"39":0,"40":0,"41":0,"42":0,"43":0,"44":0,"45":0,"46":0,"47":0,"48":0,"49":0,"50":0,"51":0,"52":0,"53":0,"54":0,"55":0,"56":0,"57":0,"58":0,"59":0,"60":0,"61":0,"62":0,"63":0,"64":0,"65":0,"66":0,"67":0,"68":0,"69":0,"70":0,"71":0,"72":0,"73":0,"74":0,"75":0,"76":0,"77":0,"78":0,"79":0,"80":0,"81":0,"82":0,"83":0,"84":0,"85":0,"86":0,"87":0,"88":0,"89":0,"90":0,"91":0,"92":0,"93":0,"94":0,"95":0,"96":0,"97":0,"98":0,"99":0,"100":0,"101":0,"102":0,"103":0,"104":0,"105":0,"106":0,"107":0,"108":0,"109":0,"110":0,"111":0,"112":0,"113":0,"114":0,"115":0,"116":0,"117":0,"118":0,"119":0,"120":0,"121":0,"122":0,"123":0,"124":0,"125":0,"126":0,"127":0,"128":0,"129":0,"130":0,"131":0,"132":0,"133":0,"134":0,"135":0,"136":0,"137":0,"138":0,"139":0,"140":0,"141":0,"142":0,"143":0,"144":0,"145":0,"146":0,"147":0,"148":0,"149":0,"150":0,"151":0,"152":0,"153":0,"154":0,"155":0,"156":0,"157":0,"158":0,"159":0,"160":0,"161":0,"162":0,"163":0,"164":0,"165":0,"166":0,"167":0,"168":0,"169":0,"170":0,"171":0,"172":0,"173":0,"174":0,"175":0,"176":0,"177":0,"178":0,"179":0,"180":0,"181":0,"182":0,"183":0,"184":0,"185":0,"186":0},"branchMap":{"0":{"type":"branch","line":1,"loc":{"start":{"line":1,"column":501680},"end":{"line":187,"column":1808}},"locations":[{"start":{"line":1,"column":501680},"end":{"line":187,"column":1808}}]}},"b":{"0":[0]},"fnMap":{"0":{"name":"(empty-report)","decl":{"start":{"line":1,"column":501680},"end":{"line":187,"column":1808}},"loc":{"start":{"line":1,"column":501680},"end":{"line":187,"column":1808}},"line":1}},"f":{"0":0}}
,"/Users/mbuchhorn/projects/dataspaces/MVD-health/frontend/src/App-health.tsx": {"path":"/Users/mbuchhorn/projects/dataspaces/MVD-health/frontend/src/App-health.tsx","all":true,"statementMap":{"0":{"start":{"line":1,"column":0},"end":{"line":1,"column":2}},"10":{"start":{"line":11,"column":0},"end":{"line":11,"column":44}},"32":{"start":{"line":33,"column":0},"end":{"line":33,"column":22}},"33":{"start":{"line":34,"column":0},"end":{"line":34,"column":51}},"34":{"start":{"line":35,"column":0},"end":{"line":35,"column":73}},"51":{"start":{"line":52,"column":0},"end":{"line":52,"column":36}},"52":{"start":{"line":53,"column":0},"end":{"line":53,"column":69}},"56":{"start":{"line":57,"column":0},"end":{"line":57,"column":90}},"102":{"start":{"line":103,"column":0},"end":{"line":103,"column":22}},"103":{"start":{"line":104,"column":0},"end":{"line":104,"column":57}},"104":{"start":{"line":105,"column":0},"end":{"line":105,"column":80}},"105":{"start":{"line":106,"column":0},"end":{"line":106,"column":60}},"106":{"start":{"line":107,"column":0},"end":{"line":107,"column":54}},"107":{"start":{"line":108,"column":0},"end":{"line":108,"column":52}},"108":{"start":{"line":109,"column":0},"end":{"line":109,"column":78}},"109":{"start":{"line":110,"column":0},"end":{"line":110,"column":56}},"110":{"start":{"line":111,"column":0},"end":{"line":111,"column":50}},"111":{"start":{"line":112,"column":0},"end":{"line":112,"column":81}},"112":{"start":{"line":113,"column":0},"end":{"line":113,"column":70}},"113":{"start":{"line":114,"column":0},"end":{"line":114,"column":68}},"114":{"start":{"line":115,"column":0},"end":{"line":115,"column":64}},"115":{"start":{"line":116,"column":0},"end":{"line":116,"column":66}},"116":{"start":{"line":117,"column":0},"end":{"line":117,"column":51}},"117":{"start":{"line":118,"column":0},"end":{"line":118,"column":58}},"120":{"start":{"line":121,"column":0},"end":{"line":121,"column":72}},"121":{"start":{"line":122,"column":0},"end":{"line":122,"column":76}},"122":{"start":{"line":123,"column":0},"end":{"line":123,"column":84}},"125":{"start":{"line":126,"column":0},"end":{"line":126,"column":63}},"126":{"start":{"line":127,"column":0},"end":{"line":127,"column":106}},"127":{"start":{"line":128,"column":0},"end":{"line":128,"column":103}},"128":{"start":{"line":129,"column":0},"end":{"line":129,"column":107}},"129":{"start":{"line":130,"column":0},"end":{"line":130,"column":107}},"130":{"start":{"line":131,"column":0},"end":{"line":131,"column":120}},"131":{"start":{"line":132,"column":0},"end":{"line":132,"column":140}},"132":{"start":{"line":133,"column":0},"end":{"line":133,"column":47}},"133":{"start":{"line":134,"column":0},"end":{"line":134,"column":76}},"134":{"start":{"line":135,"column":0},"end":{"line":135,"column":87}},"135":{"start":{"line":136,"column":0},"end":{"line":136,"column":89}},"136":{"start":{"line":137,"column":0},"end":{"line":137,"column":95}},"137":{"start":{"line":138,"column":0},"end":{"line":138,"column":94}},"138":{"start":{"line":139,"column":0},"end":{"line":139,"column":99}},"139":{"start":{"line":140,"column":0},"end":{"line":140,"column":91}},"140":{"start":{"line":141,"column":0},"end":{"line":141,"column":93}},"141":{"start":{"line":142,"column":0},"end":{"line":142,"column":99}},"142":{"start":{"line":143,"column":0},"end":{"line":143,"column":143}},"143":{"start":{"line":144,"column":0},"end":{"line":144,"column":5}},"146":{"start":{"line":147,"column":0},"end":{"line":147,"column":19}},"147":{"start":{"line":148,"column":0},"end":{"line":148,"column":51}},"148":{"start":{"line":149,"column":0},"end":{"line":149,"column":9}},"150":{"start":{"line":151,"column":0},"end":{"line":151,"column":27}},"151":{"start":{"line":152,"column":0},"end":{"line":152,"column":22}},"152":{"start":{"line":153,"column":0},"end":{"line":153,"column":27}},"153":{"start":{"line":154,"column":0},"end":{"line":154,"column":26}},"154":{"start":{"line":155,"column":0},"end":{"line":155,"column":23}},"155":{"start":{"line":156,"column":0},"end":{"line":156,"column":22}},"156":{"start":{"line":157,"column":0},"end":{"line":157,"column":21}},"157":{"start":{"line":158,"column":0},"end":{"line":158,"column":26}},"158":{"start":{"line":159,"column":0},"end":{"line":159,"column":23}},"159":{"start":{"line":160,"column":0},"end":{"line":160,"column":4}},"161":{"start":{"line":162,"column":0},"end":{"line":162,"column":43}},"162":{"start":{"line":163,"column":0},"end":{"line":163,"column":25}},"163":{"start":{"line":164,"column":0},"end":{"line":164,"column":58}},"164":{"start":{"line":165,"column":0},"end":{"line":165,"column":28}},"165":{"start":{"line":166,"column":0},"end":{"line":166,"column":61}},"166":{"start":{"line":167,"column":0},"end":{"line":167,"column":5}},"167":{"start":{"line":168,"column":0},"end":{"line":168,"column":26}},"170":{"start":{"line":171,"column":0},"end":{"line":171,"column":148}},"171":{"start":{"line":172,"column":0},"end":{"line":172,"column":26}},"172":{"start":{"line":173,"column":0},"end":{"line":173,"column":24}},"173":{"start":{"line":174,"column":0},"end":{"line":174,"column":12}},"174":{"start":{"line":175,"column":0},"end":{"line":175,"column":27}},"175":{"start":{"line":176,"column":0},"end":{"line":176,"column":5}},"176":{"start":{"line":177,"column":0},"end":{"line":177,"column":4}},"178":{"start":{"line":179,"column":0},"end":{"line":179,"column":39}},"179":{"start":{"line":180,"column":0},"end":{"line":180,"column":25}},"180":{"start":{"line":181,"column":0},"end":{"line":181,"column":54}},"181":{"start":{"line":182,"column":0},"end":{"line":182,"column":24}},"182":{"start":{"line":183,"column":0},"end":{"line":183,"column":62}},"183":{"start":{"line":184,"column":0},"end":{"line":184,"column":5}},"184":{"start":{"line":185,"column":0},"end":{"line":185,"column":26}},"185":{"start":{"line":186,"column":0},"end":{"line":186,"column":25}},"186":{"start":{"line":187,"column":0},"end":{"line":187,"column":18}},"187":{"start":{"line":188,"column":0},"end":{"line":188,"column":4}},"189":{"start":{"line":190,"column":0},"end":{"line":190,"column":40}},"190":{"start":{"line":191,"column":0},"end":{"line":191,"column":25}},"192":{"start":{"line":193,"column":0},"end":{"line":193,"column":55}},"193":{"start":{"line":194,"column":0},"end":{"line":194,"column":25}},"194":{"start":{"line":195,"column":0},"end":{"line":195,"column":61}},"195":{"start":{"line":196,"column":0},"end":{"line":196,"column":5}},"197":{"start":{"line":198,"column":0},"end":{"line":198,"column":26}},"198":{"start":{"line":199,"column":0},"end":{"line":199,"column":25}},"199":{"start":{"line":200,"column":0},"end":{"line":200,"column":18}},"200":{"start":{"line":201,"column":0},"end":{"line":201,"column":4}},"202":{"start":{"line":203,"column":0},"end":{"line":203,"column":35}},"204":{"start":{"line":205,"column":0},"end":{"line":205,"column":24}},"205":{"start":{"line":206,"column":0},"end":{"line":206,"column":11}},"206":{"start":{"line":207,"column":0},"end":{"line":207,"column":31}},"207":{"start":{"line":208,"column":0},"end":{"line":208,"column":64}},"208":{"start":{"line":209,"column":0},"end":{"line":209,"column":27}},"209":{"start":{"line":210,"column":0},"end":{"line":210,"column":16}},"211":{"start":{"line":212,"column":0},"end":{"line":212,"column":56}},"212":{"start":{"line":213,"column":0},"end":{"line":213,"column":9}},"213":{"start":{"line":214,"column":0},"end":{"line":214,"column":23}},"214":{"start":{"line":215,"column":0},"end":{"line":215,"column":70}},"215":{"start":{"line":216,"column":0},"end":{"line":216,"column":54}},"216":{"start":{"line":217,"column":0},"end":{"line":217,"column":7}},"217":{"start":{"line":218,"column":0},"end":{"line":218,"column":5}},"218":{"start":{"line":219,"column":0},"end":{"line":219,"column":4}},"220":{"start":{"line":221,"column":0},"end":{"line":221,"column":10}},"221":{"start":{"line":222,"column":0},"end":{"line":222,"column":91}},"223":{"start":{"line":224,"column":0},"end":{"line":224,"column":70}},"224":{"start":{"line":225,"column":0},"end":{"line":225,"column":53}},"225":{"start":{"line":226,"column":0},"end":{"line":226,"column":61}},"226":{"start":{"line":227,"column":0},"end":{"line":227,"column":53}},"227":{"start":{"line":228,"column":0},"end":{"line":228,"column":92}},"228":{"start":{"line":229,"column":0},"end":{"line":229,"column":62}},"229":{"start":{"line":230,"column":0},"end":{"line":230,"column":20}},"230":{"start":{"line":231,"column":0},"end":{"line":231,"column":19}},"231":{"start":{"line":232,"column":0},"end":{"line":232,"column":64}},"233":{"start":{"line":234,"column":0},"end":{"line":234,"column":21}},"234":{"start":{"line":235,"column":0},"end":{"line":235,"column":109}},"235":{"start":{"line":236,"column":0},"end":{"line":236,"column":20}},"236":{"start":{"line":237,"column":0},"end":{"line":237,"column":18}},"238":{"start":{"line":239,"column":0},"end":{"line":239,"column":53}},"240":{"start":{"line":241,"column":0},"end":{"line":241,"column":102}},"241":{"start":{"line":242,"column":0},"end":{"line":242,"column":42}},"242":{"start":{"line":243,"column":0},"end":{"line":243,"column":47}},"243":{"start":{"line":244,"column":0},"end":{"line":244,"column":37}},"244":{"start":{"line":245,"column":0},"end":{"line":245,"column":52}},"245":{"start":{"line":246,"column":0},"end":{"line":246,"column":53}},"246":{"start":{"line":247,"column":0},"end":{"line":247,"column":18}},"247":{"start":{"line":248,"column":0},"end":{"line":248,"column":56}},"248":{"start":{"line":249,"column":0},"end":{"line":249,"column":44}},"249":{"start":{"line":250,"column":0},"end":{"line":250,"column":35}},"250":{"start":{"line":251,"column":0},"end":{"line":251,"column":39}},"251":{"start":{"line":252,"column":0},"end":{"line":252,"column":39}},"252":{"start":{"line":253,"column":0},"end":{"line":253,"column":39}},"253":{"start":{"line":254,"column":0},"end":{"line":254,"column":22}},"254":{"start":{"line":255,"column":0},"end":{"line":255,"column":111}},"255":{"start":{"line":256,"column":0},"end":{"line":256,"column":20}},"256":{"start":{"line":257,"column":0},"end":{"line":257,"column":17}},"257":{"start":{"line":258,"column":0},"end":{"line":258,"column":98}},"258":{"start":{"line":259,"column":0},"end":{"line":259,"column":31}},"259":{"start":{"line":260,"column":0},"end":{"line":260,"column":41}},"260":{"start":{"line":261,"column":0},"end":{"line":261,"column":129}},"262":{"start":{"line":263,"column":0},"end":{"line":263,"column":48}},"264":{"start":{"line":265,"column":0},"end":{"line":265,"column":52}},"265":{"start":{"line":266,"column":0},"end":{"line":266,"column":18}},"266":{"start":{"line":267,"column":0},"end":{"line":267,"column":37}},"267":{"start":{"line":268,"column":0},"end":{"line":268,"column":23}},"268":{"start":{"line":269,"column":0},"end":{"line":269,"column":37}},"269":{"start":{"line":270,"column":0},"end":{"line":270,"column":130}},"271":{"start":{"line":272,"column":0},"end":{"line":272,"column":51}},"273":{"start":{"line":274,"column":0},"end":{"line":274,"column":25}},"275":{"start":{"line":276,"column":0},"end":{"line":276,"column":18}},"276":{"start":{"line":277,"column":0},"end":{"line":277,"column":16}},"277":{"start":{"line":278,"column":0},"end":{"line":278,"column":14}},"278":{"start":{"line":279,"column":0},"end":{"line":279,"column":15}},"281":{"start":{"line":282,"column":0},"end":{"line":282,"column":29}},"282":{"start":{"line":283,"column":0},"end":{"line":283,"column":59}},"283":{"start":{"line":284,"column":0},"end":{"line":284,"column":55}},"284":{"start":{"line":285,"column":0},"end":{"line":285,"column":63}},"285":{"start":{"line":286,"column":0},"end":{"line":286,"column":16}},"286":{"start":{"line":287,"column":0},"end":{"line":287,"column":72}},"287":{"start":{"line":288,"column":0},"end":{"line":288,"column":81}},"288":{"start":{"line":289,"column":0},"end":{"line":289,"column":70}},"289":{"start":{"line":290,"column":0},"end":{"line":290,"column":74}},"290":{"start":{"line":291,"column":0},"end":{"line":291,"column":39}},"291":{"start":{"line":292,"column":0},"end":{"line":292,"column":72}},"292":{"start":{"line":293,"column":0},"end":{"line":293,"column":97}},"293":{"start":{"line":294,"column":0},"end":{"line":294,"column":38}},"294":{"start":{"line":295,"column":0},"end":{"line":295,"column":59}},"295":{"start":{"line":296,"column":0},"end":{"line":296,"column":62}},"296":{"start":{"line":297,"column":0},"end":{"line":297,"column":55}},"297":{"start":{"line":298,"column":0},"end":{"line":298,"column":53}},"298":{"start":{"line":299,"column":0},"end":{"line":299,"column":22}},"299":{"start":{"line":300,"column":0},"end":{"line":300,"column":53}},"300":{"start":{"line":301,"column":0},"end":{"line":301,"column":93}},"301":{"start":{"line":302,"column":0},"end":{"line":302,"column":24}},"302":{"start":{"line":303,"column":0},"end":{"line":303,"column":42}},"303":{"start":{"line":304,"column":0},"end":{"line":304,"column":61}},"304":{"start":{"line":305,"column":0},"end":{"line":305,"column":97}},"305":{"start":{"line":306,"column":0},"end":{"line":306,"column":26}},"307":{"start":{"line":308,"column":0},"end":{"line":308,"column":22}},"308":{"start":{"line":309,"column":0},"end":{"line":309,"column":17}},"309":{"start":{"line":310,"column":0},"end":{"line":310,"column":18}},"310":{"start":{"line":311,"column":0},"end":{"line":311,"column":16}},"311":{"start":{"line":312,"column":0},"end":{"line":312,"column":14}},"314":{"start":{"line":315,"column":0},"end":{"line":315,"column":52}},"316":{"start":{"line":317,"column":0},"end":{"line":317,"column":31}},"317":{"start":{"line":318,"column":0},"end":{"line":318,"column":37}},"319":{"start":{"line":320,"column":0},"end":{"line":320,"column":115}},"320":{"start":{"line":321,"column":0},"end":{"line":321,"column":38}},"321":{"start":{"line":322,"column":0},"end":{"line":322,"column":72}},"322":{"start":{"line":323,"column":0},"end":{"line":323,"column":53}},"324":{"start":{"line":325,"column":0},"end":{"line":325,"column":23}},"325":{"start":{"line":326,"column":0},"end":{"line":326,"column":125}},"327":{"start":{"line":328,"column":0},"end":{"line":328,"column":25}},"328":{"start":{"line":329,"column":0},"end":{"line":329,"column":22}},"329":{"start":{"line":330,"column":0},"end":{"line":330,"column":58}},"332":{"start":{"line":333,"column":0},"end":{"line":333,"column":117}},"334":{"start":{"line":335,"column":0},"end":{"line":335,"column":20}},"335":{"start":{"line":336,"column":0},"end":{"line":336,"column":54}},"336":{"start":{"line":337,"column":0},"end":{"line":337,"column":25}},"337":{"start":{"line":338,"column":0},"end":{"line":338,"column":55}},"338":{"start":{"line":339,"column":0},"end":{"line":339,"column":148}},"340":{"start":{"line":341,"column":0},"end":{"line":341,"column":48}},"342":{"start":{"line":343,"column":0},"end":{"line":343,"column":27}},"343":{"start":{"line":344,"column":0},"end":{"line":344,"column":20}},"344":{"start":{"line":345,"column":0},"end":{"line":345,"column":42}},"345":{"start":{"line":346,"column":0},"end":{"line":346,"column":35}},"346":{"start":{"line":347,"column":0},"end":{"line":347,"column":45}},"347":{"start":{"line":348,"column":0},"end":{"line":348,"column":172}},"349":{"start":{"line":350,"column":0},"end":{"line":350,"column":50}},"351":{"start":{"line":352,"column":0},"end":{"line":352,"column":22}},"352":{"start":{"line":353,"column":0},"end":{"line":353,"column":20}},"353":{"start":{"line":354,"column":0},"end":{"line":354,"column":116}},"354":{"start":{"line":355,"column":0},"end":{"line":355,"column":35}},"355":{"start":{"line":356,"column":0},"end":{"line":356,"column":45}},"356":{"start":{"line":357,"column":0},"end":{"line":357,"column":149}},"358":{"start":{"line":359,"column":0},"end":{"line":359,"column":52}},"360":{"start":{"line":361,"column":0},"end":{"line":361,"column":22}},"361":{"start":{"line":362,"column":0},"end":{"line":362,"column":22}},"362":{"start":{"line":363,"column":0},"end":{"line":363,"column":20}},"363":{"start":{"line":364,"column":0},"end":{"line":364,"column":18}},"366":{"start":{"line":367,"column":0},"end":{"line":367,"column":55}},"367":{"start":{"line":368,"column":0},"end":{"line":368,"column":88}},"368":{"start":{"line":369,"column":0},"end":{"line":369,"column":62}},"369":{"start":{"line":370,"column":0},"end":{"line":370,"column":84}},"370":{"start":{"line":371,"column":0},"end":{"line":371,"column":23}},"371":{"start":{"line":372,"column":0},"end":{"line":372,"column":107}},"372":{"start":{"line":373,"column":0},"end":{"line":373,"column":99}},"373":{"start":{"line":374,"column":0},"end":{"line":374,"column":24}},"374":{"start":{"line":375,"column":0},"end":{"line":375,"column":22}},"375":{"start":{"line":376,"column":0},"end":{"line":376,"column":95}},"376":{"start":{"line":377,"column":0},"end":{"line":377,"column":91}},"377":{"start":{"line":378,"column":0},"end":{"line":378,"column":56}},"378":{"start":{"line":379,"column":0},"end":{"line":379,"column":22}},"379":{"start":{"line":380,"column":0},"end":{"line":380,"column":20}},"381":{"start":{"line":382,"column":0},"end":{"line":382,"column":90}},"382":{"start":{"line":383,"column":0},"end":{"line":383,"column":62}},"383":{"start":{"line":384,"column":0},"end":{"line":384,"column":84}},"384":{"start":{"line":385,"column":0},"end":{"line":385,"column":23}},"385":{"start":{"line":386,"column":0},"end":{"line":386,"column":107}},"386":{"start":{"line":387,"column":0},"end":{"line":387,"column":101}},"387":{"start":{"line":388,"column":0},"end":{"line":388,"column":24}},"388":{"start":{"line":389,"column":0},"end":{"line":389,"column":22}},"389":{"start":{"line":390,"column":0},"end":{"line":390,"column":95}},"390":{"start":{"line":391,"column":0},"end":{"line":391,"column":95}},"391":{"start":{"line":392,"column":0},"end":{"line":392,"column":56}},"392":{"start":{"line":393,"column":0},"end":{"line":393,"column":22}},"393":{"start":{"line":394,"column":0},"end":{"line":394,"column":20}},"394":{"start":{"line":395,"column":0},"end":{"line":395,"column":18}},"397":{"start":{"line":398,"column":0},"end":{"line":398,"column":130}},"398":{"start":{"line":399,"column":0},"end":{"line":399,"column":54}},"399":{"start":{"line":400,"column":0},"end":{"line":400,"column":60}},"400":{"start":{"line":401,"column":0},"end":{"line":401,"column":61}},"401":{"start":{"line":402,"column":0},"end":{"line":402,"column":22}},"402":{"start":{"line":403,"column":0},"end":{"line":403,"column":40}},"403":{"start":{"line":404,"column":0},"end":{"line":404,"column":64}},"404":{"start":{"line":405,"column":0},"end":{"line":405,"column":101}},"405":{"start":{"line":406,"column":0},"end":{"line":406,"column":119}},"406":{"start":{"line":407,"column":0},"end":{"line":407,"column":24}},"407":{"start":{"line":408,"column":0},"end":{"line":408,"column":52}},"410":{"start":{"line":411,"column":0},"end":{"line":411,"column":22}},"411":{"start":{"line":412,"column":0},"end":{"line":412,"column":66}},"412":{"start":{"line":413,"column":0},"end":{"line":413,"column":87}},"413":{"start":{"line":414,"column":0},"end":{"line":414,"column":80}},"414":{"start":{"line":415,"column":0},"end":{"line":415,"column":98}},"415":{"start":{"line":416,"column":0},"end":{"line":416,"column":26}},"416":{"start":{"line":417,"column":0},"end":{"line":417,"column":87}},"417":{"start":{"line":418,"column":0},"end":{"line":418,"column":81}},"418":{"start":{"line":419,"column":0},"end":{"line":419,"column":99}},"419":{"start":{"line":420,"column":0},"end":{"line":420,"column":26}},"420":{"start":{"line":421,"column":0},"end":{"line":421,"column":87}},"421":{"start":{"line":422,"column":0},"end":{"line":422,"column":82}},"422":{"start":{"line":423,"column":0},"end":{"line":423,"column":92}},"423":{"start":{"line":424,"column":0},"end":{"line":424,"column":26}},"424":{"start":{"line":425,"column":0},"end":{"line":425,"column":24}},"425":{"start":{"line":426,"column":0},"end":{"line":426,"column":61}},"426":{"start":{"line":427,"column":0},"end":{"line":427,"column":22}},"427":{"start":{"line":428,"column":0},"end":{"line":428,"column":42}},"428":{"start":{"line":429,"column":0},"end":{"line":429,"column":38}},"429":{"start":{"line":430,"column":0},"end":{"line":430,"column":42}},"430":{"start":{"line":431,"column":0},"end":{"line":431,"column":49}},"431":{"start":{"line":432,"column":0},"end":{"line":432,"column":49}},"432":{"start":{"line":433,"column":0},"end":{"line":433,"column":47}},"433":{"start":{"line":434,"column":0},"end":{"line":434,"column":39}},"434":{"start":{"line":435,"column":0},"end":{"line":435,"column":41}},"435":{"start":{"line":436,"column":0},"end":{"line":436,"column":37}},"436":{"start":{"line":437,"column":0},"end":{"line":437,"column":133}},"437":{"start":{"line":438,"column":0},"end":{"line":438,"column":30}},"438":{"start":{"line":439,"column":0},"end":{"line":439,"column":29}},"439":{"start":{"line":440,"column":0},"end":{"line":440,"column":23}},"440":{"start":{"line":441,"column":0},"end":{"line":441,"column":24}},"441":{"start":{"line":442,"column":0},"end":{"line":442,"column":46}},"442":{"start":{"line":443,"column":0},"end":{"line":443,"column":22}},"443":{"start":{"line":444,"column":0},"end":{"line":444,"column":70}},"444":{"start":{"line":445,"column":0},"end":{"line":445,"column":37}},"445":{"start":{"line":446,"column":0},"end":{"line":446,"column":47}},"446":{"start":{"line":447,"column":0},"end":{"line":447,"column":157}},"448":{"start":{"line":449,"column":0},"end":{"line":449,"column":58}},"450":{"start":{"line":451,"column":0},"end":{"line":451,"column":24}},"451":{"start":{"line":452,"column":0},"end":{"line":452,"column":22}},"452":{"start":{"line":453,"column":0},"end":{"line":453,"column":81}},"453":{"start":{"line":454,"column":0},"end":{"line":454,"column":37}},"454":{"start":{"line":455,"column":0},"end":{"line":455,"column":47}},"455":{"start":{"line":456,"column":0},"end":{"line":456,"column":179}},"457":{"start":{"line":458,"column":0},"end":{"line":458,"column":54}},"459":{"start":{"line":460,"column":0},"end":{"line":460,"column":24}},"460":{"start":{"line":461,"column":0},"end":{"line":461,"column":24}},"461":{"start":{"line":462,"column":0},"end":{"line":462,"column":22}},"462":{"start":{"line":463,"column":0},"end":{"line":463,"column":20}},"463":{"start":{"line":464,"column":0},"end":{"line":464,"column":18}},"466":{"start":{"line":467,"column":0},"end":{"line":467,"column":70}},"467":{"start":{"line":468,"column":0},"end":{"line":468,"column":109}},"468":{"start":{"line":469,"column":0},"end":{"line":469,"column":52}},"469":{"start":{"line":470,"column":0},"end":{"line":470,"column":18}},"470":{"start":{"line":471,"column":0},"end":{"line":471,"column":108}},"471":{"start":{"line":472,"column":0},"end":{"line":472,"column":106}},"472":{"start":{"line":473,"column":0},"end":{"line":473,"column":98}},"473":{"start":{"line":474,"column":0},"end":{"line":474,"column":95}},"474":{"start":{"line":475,"column":0},"end":{"line":475,"column":91}},"475":{"start":{"line":476,"column":0},"end":{"line":476,"column":101}},"476":{"start":{"line":477,"column":0},"end":{"line":477,"column":114}},"477":{"start":{"line":478,"column":0},"end":{"line":478,"column":100}},"478":{"start":{"line":479,"column":0},"end":{"line":479,"column":34}},"479":{"start":{"line":480,"column":0},"end":{"line":480,"column":99}},"480":{"start":{"line":481,"column":0},"end":{"line":481,"column":82}},"481":{"start":{"line":482,"column":0},"end":{"line":482,"column":82}},"482":{"start":{"line":483,"column":0},"end":{"line":483,"column":88}},"483":{"start":{"line":484,"column":0},"end":{"line":484,"column":57}},"484":{"start":{"line":485,"column":0},"end":{"line":485,"column":22}},"485":{"start":{"line":486,"column":0},"end":{"line":486,"column":50}},"486":{"start":{"line":487,"column":0},"end":{"line":487,"column":64}},"487":{"start":{"line":488,"column":0},"end":{"line":488,"column":64}},"488":{"start":{"line":489,"column":0},"end":{"line":489,"column":68}},"489":{"start":{"line":490,"column":0},"end":{"line":490,"column":38}},"490":{"start":{"line":491,"column":0},"end":{"line":491,"column":26}},"491":{"start":{"line":492,"column":0},"end":{"line":492,"column":25}},"492":{"start":{"line":493,"column":0},"end":{"line":493,"column":53}},"493":{"start":{"line":494,"column":0},"end":{"line":494,"column":66}},"494":{"start":{"line":495,"column":0},"end":{"line":495,"column":66}},"495":{"start":{"line":496,"column":0},"end":{"line":496,"column":70}},"496":{"start":{"line":497,"column":0},"end":{"line":497,"column":40}},"497":{"start":{"line":498,"column":0},"end":{"line":498,"column":44}},"498":{"start":{"line":499,"column":0},"end":{"line":499,"column":49}},"499":{"start":{"line":500,"column":0},"end":{"line":500,"column":66}},"500":{"start":{"line":501,"column":0},"end":{"line":501,"column":66}},"501":{"start":{"line":502,"column":0},"end":{"line":502,"column":70}},"502":{"start":{"line":503,"column":0},"end":{"line":503,"column":40}},"503":{"start":{"line":504,"column":0},"end":{"line":504,"column":44}},"504":{"start":{"line":505,"column":0},"end":{"line":505,"column":26}},"505":{"start":{"line":506,"column":0},"end":{"line":506,"column":24}},"506":{"start":{"line":507,"column":0},"end":{"line":507,"column":19}},"507":{"start":{"line":508,"column":0},"end":{"line":508,"column":20}},"508":{"start":{"line":509,"column":0},"end":{"line":509,"column":18}},"511":{"start":{"line":512,"column":0},"end":{"line":512,"column":70}},"512":{"start":{"line":513,"column":0},"end":{"line":513,"column":87}},"513":{"start":{"line":514,"column":0},"end":{"line":514,"column":57}},"514":{"start":{"line":515,"column":0},"end":{"line":515,"column":76}},"515":{"start":{"line":516,"column":0},"end":{"line":516,"column":101}},"516":{"start":{"line":517,"column":0},"end":{"line":517,"column":66}},"517":{"start":{"line":518,"column":0},"end":{"line":518,"column":91}},"518":{"start":{"line":519,"column":0},"end":{"line":519,"column":93}},"519":{"start":{"line":520,"column":0},"end":{"line":520,"column":89}},"520":{"start":{"line":521,"column":0},"end":{"line":521,"column":88}},"521":{"start":{"line":522,"column":0},"end":{"line":522,"column":26}},"522":{"start":{"line":523,"column":0},"end":{"line":523,"column":110}},"523":{"start":{"line":524,"column":0},"end":{"line":524,"column":22}},"524":{"start":{"line":525,"column":0},"end":{"line":525,"column":47}},"525":{"start":{"line":526,"column":0},"end":{"line":526,"column":37}},"526":{"start":{"line":527,"column":0},"end":{"line":527,"column":47}},"527":{"start":{"line":528,"column":0},"end":{"line":528,"column":95}},"528":{"start":{"line":529,"column":0},"end":{"line":529,"column":21}},"529":{"start":{"line":530,"column":0},"end":{"line":530,"column":77}},"530":{"start":{"line":531,"column":0},"end":{"line":531,"column":24}},"531":{"start":{"line":532,"column":0},"end":{"line":532,"column":24}},"532":{"start":{"line":533,"column":0},"end":{"line":533,"column":19}},"533":{"start":{"line":534,"column":0},"end":{"line":534,"column":20}},"534":{"start":{"line":535,"column":0},"end":{"line":535,"column":18}},"537":{"start":{"line":538,"column":0},"end":{"line":538,"column":70}},"538":{"start":{"line":539,"column":0},"end":{"line":539,"column":70}},"539":{"start":{"line":540,"column":0},"end":{"line":540,"column":21}},"540":{"start":{"line":541,"column":0},"end":{"line":541,"column":103}},"541":{"start":{"line":542,"column":0},"end":{"line":542,"column":152}},"542":{"start":{"line":543,"column":0},"end":{"line":543,"column":22}},"543":{"start":{"line":544,"column":0},"end":{"line":544,"column":18}},"544":{"start":{"line":545,"column":0},"end":{"line":545,"column":57}},"545":{"start":{"line":546,"column":0},"end":{"line":546,"column":33}},"546":{"start":{"line":547,"column":0},"end":{"line":547,"column":43}},"547":{"start":{"line":548,"column":0},"end":{"line":548,"column":91}},"548":{"start":{"line":549,"column":0},"end":{"line":549,"column":17}},"549":{"start":{"line":550,"column":0},"end":{"line":550,"column":73}},"550":{"start":{"line":551,"column":0},"end":{"line":551,"column":20}},"551":{"start":{"line":552,"column":0},"end":{"line":552,"column":20}},"552":{"start":{"line":553,"column":0},"end":{"line":553,"column":72}},"553":{"start":{"line":554,"column":0},"end":{"line":554,"column":18}},"554":{"start":{"line":555,"column":0},"end":{"line":555,"column":20}},"555":{"start":{"line":556,"column":0},"end":{"line":556,"column":47}},"556":{"start":{"line":557,"column":0},"end":{"line":557,"column":70}},"557":{"start":{"line":558,"column":0},"end":{"line":558,"column":38}},"558":{"start":{"line":559,"column":0},"end":{"line":559,"column":73}},"559":{"start":{"line":560,"column":0},"end":{"line":560,"column":20}},"560":{"start":{"line":561,"column":0},"end":{"line":561,"column":20}},"561":{"start":{"line":562,"column":0},"end":{"line":562,"column":43}},"562":{"start":{"line":563,"column":0},"end":{"line":563,"column":70}},"563":{"start":{"line":564,"column":0},"end":{"line":564,"column":38}},"564":{"start":{"line":565,"column":0},"end":{"line":565,"column":70}},"565":{"start":{"line":566,"column":0},"end":{"line":566,"column":20}},"566":{"start":{"line":567,"column":0},"end":{"line":567,"column":20}},"567":{"start":{"line":568,"column":0},"end":{"line":568,"column":47}},"568":{"start":{"line":569,"column":0},"end":{"line":569,"column":59}},"569":{"start":{"line":570,"column":0},"end":{"line":570,"column":38}},"570":{"start":{"line":571,"column":0},"end":{"line":571,"column":70}},"571":{"start":{"line":572,"column":0},"end":{"line":572,"column":20}},"572":{"start":{"line":573,"column":0},"end":{"line":573,"column":20}},"573":{"start":{"line":574,"column":0},"end":{"line":574,"column":54}},"574":{"start":{"line":575,"column":0},"end":{"line":575,"column":60}},"575":{"start":{"line":576,"column":0},"end":{"line":576,"column":38}},"576":{"start":{"line":577,"column":0},"end":{"line":577,"column":68}},"577":{"start":{"line":578,"column":0},"end":{"line":578,"column":20}},"578":{"start":{"line":579,"column":0},"end":{"line":579,"column":20}},"579":{"start":{"line":580,"column":0},"end":{"line":580,"column":54}},"580":{"start":{"line":581,"column":0},"end":{"line":581,"column":53}},"581":{"start":{"line":582,"column":0},"end":{"line":582,"column":40}},"582":{"start":{"line":583,"column":0},"end":{"line":583,"column":67}},"583":{"start":{"line":584,"column":0},"end":{"line":584,"column":20}},"584":{"start":{"line":585,"column":0},"end":{"line":585,"column":20}},"585":{"start":{"line":586,"column":0},"end":{"line":586,"column":52}},"586":{"start":{"line":587,"column":0},"end":{"line":587,"column":64}},"587":{"start":{"line":588,"column":0},"end":{"line":588,"column":40}},"588":{"start":{"line":589,"column":0},"end":{"line":589,"column":61}},"589":{"start":{"line":590,"column":0},"end":{"line":590,"column":20}},"590":{"start":{"line":591,"column":0},"end":{"line":591,"column":20}},"591":{"start":{"line":592,"column":0},"end":{"line":592,"column":44}},"592":{"start":{"line":593,"column":0},"end":{"line":593,"column":53}},"593":{"start":{"line":594,"column":0},"end":{"line":594,"column":38}},"594":{"start":{"line":595,"column":0},"end":{"line":595,"column":65}},"595":{"start":{"line":596,"column":0},"end":{"line":596,"column":20}},"596":{"start":{"line":597,"column":0},"end":{"line":597,"column":20}},"597":{"start":{"line":598,"column":0},"end":{"line":598,"column":47}},"598":{"start":{"line":599,"column":0},"end":{"line":599,"column":60}},"599":{"start":{"line":600,"column":0},"end":{"line":600,"column":38}},"600":{"start":{"line":601,"column":0},"end":{"line":601,"column":62}},"601":{"start":{"line":602,"column":0},"end":{"line":602,"column":20}},"602":{"start":{"line":603,"column":0},"end":{"line":603,"column":20}},"603":{"start":{"line":604,"column":0},"end":{"line":604,"column":58}},"604":{"start":{"line":605,"column":0},"end":{"line":605,"column":54}},"605":{"start":{"line":606,"column":0},"end":{"line":606,"column":38}},"606":{"start":{"line":607,"column":0},"end":{"line":607,"column":55}},"607":{"start":{"line":608,"column":0},"end":{"line":608,"column":20}},"608":{"start":{"line":609,"column":0},"end":{"line":609,"column":33}},"609":{"start":{"line":610,"column":0},"end":{"line":610,"column":75}},"610":{"start":{"line":611,"column":0},"end":{"line":611,"column":107}},"611":{"start":{"line":612,"column":0},"end":{"line":612,"column":22}},"612":{"start":{"line":613,"column":0},"end":{"line":613,"column":76}},"613":{"start":{"line":614,"column":0},"end":{"line":614,"column":62}},"614":{"start":{"line":615,"column":0},"end":{"line":615,"column":85}},"615":{"start":{"line":616,"column":0},"end":{"line":616,"column":44}},"616":{"start":{"line":617,"column":0},"end":{"line":617,"column":87}},"617":{"start":{"line":618,"column":0},"end":{"line":618,"column":50}},"618":{"start":{"line":619,"column":0},"end":{"line":619,"column":56}},"619":{"start":{"line":620,"column":0},"end":{"line":620,"column":55}},"620":{"start":{"line":621,"column":0},"end":{"line":621,"column":44}},"621":{"start":{"line":622,"column":0},"end":{"line":622,"column":26}},"622":{"start":{"line":623,"column":0},"end":{"line":623,"column":77}},"623":{"start":{"line":624,"column":0},"end":{"line":624,"column":88}},"624":{"start":{"line":625,"column":0},"end":{"line":625,"column":24}},"625":{"start":{"line":626,"column":0},"end":{"line":626,"column":19}},"626":{"start":{"line":627,"column":0},"end":{"line":627,"column":20}},"627":{"start":{"line":628,"column":0},"end":{"line":628,"column":18}},"628":{"start":{"line":629,"column":0},"end":{"line":629,"column":16}},"632":{"start":{"line":633,"column":0},"end":{"line":633,"column":33}},"633":{"start":{"line":634,"column":0},"end":{"line":634,"column":37}},"634":{"start":{"line":635,"column":0},"end":{"line":635,"column":25}},"635":{"start":{"line":636,"column":0},"end":{"line":636,"column":45}},"636":{"start":{"line":637,"column":0},"end":{"line":637,"column":53}},"637":{"start":{"line":638,"column":0},"end":{"line":638,"column":14}},"638":{"start":{"line":639,"column":0},"end":{"line":639,"column":76}},"639":{"start":{"line":640,"column":0},"end":{"line":640,"column":23}},"640":{"start":{"line":641,"column":0},"end":{"line":641,"column":47}},"641":{"start":{"line":642,"column":0},"end":{"line":642,"column":102}},"642":{"start":{"line":643,"column":0},"end":{"line":643,"column":16}},"643":{"start":{"line":644,"column":0},"end":{"line":644,"column":72}},"644":{"start":{"line":645,"column":0},"end":{"line":645,"column":24}},"645":{"start":{"line":646,"column":0},"end":{"line":646,"column":59}},"646":{"start":{"line":647,"column":0},"end":{"line":647,"column":194}},"647":{"start":{"line":648,"column":0},"end":{"line":648,"column":86}},"648":{"start":{"line":649,"column":0},"end":{"line":649,"column":19}},"649":{"start":{"line":650,"column":0},"end":{"line":650,"column":183}},"650":{"start":{"line":651,"column":0},"end":{"line":651,"column":76}},"651":{"start":{"line":652,"column":0},"end":{"line":652,"column":19}},"652":{"start":{"line":653,"column":0},"end":{"line":653,"column":18}},"655":{"start":{"line":656,"column":0},"end":{"line":656,"column":70}},"656":{"start":{"line":657,"column":0},"end":{"line":657,"column":70}},"657":{"start":{"line":658,"column":0},"end":{"line":658,"column":78}},"658":{"start":{"line":659,"column":0},"end":{"line":659,"column":23}},"659":{"start":{"line":660,"column":0},"end":{"line":660,"column":56}},"660":{"start":{"line":661,"column":0},"end":{"line":661,"column":113}},"662":{"start":{"line":663,"column":0},"end":{"line":663,"column":46}},"663":{"start":{"line":664,"column":0},"end":{"line":664,"column":60}},"664":{"start":{"line":665,"column":0},"end":{"line":665,"column":25}},"665":{"start":{"line":666,"column":0},"end":{"line":666,"column":20}},"667":{"start":{"line":668,"column":0},"end":{"line":668,"column":123}},"668":{"start":{"line":669,"column":0},"end":{"line":669,"column":45}},"669":{"start":{"line":670,"column":0},"end":{"line":670,"column":89}},"670":{"start":{"line":671,"column":0},"end":{"line":671,"column":79}},"671":{"start":{"line":672,"column":0},"end":{"line":672,"column":78}},"672":{"start":{"line":673,"column":0},"end":{"line":673,"column":22}},"673":{"start":{"line":674,"column":0},"end":{"line":674,"column":45}},"674":{"start":{"line":675,"column":0},"end":{"line":675,"column":87}},"675":{"start":{"line":676,"column":0},"end":{"line":676,"column":110}},"676":{"start":{"line":677,"column":0},"end":{"line":677,"column":68}},"677":{"start":{"line":678,"column":0},"end":{"line":678,"column":24}},"678":{"start":{"line":679,"column":0},"end":{"line":679,"column":82}},"679":{"start":{"line":680,"column":0},"end":{"line":680,"column":79}},"680":{"start":{"line":681,"column":0},"end":{"line":681,"column":116}},"681":{"start":{"line":682,"column":0},"end":{"line":682,"column":24}},"682":{"start":{"line":683,"column":0},"end":{"line":683,"column":22}},"683":{"start":{"line":684,"column":0},"end":{"line":684,"column":45}},"684":{"start":{"line":685,"column":0},"end":{"line":685,"column":89}},"685":{"start":{"line":686,"column":0},"end":{"line":686,"column":69}},"686":{"start":{"line":687,"column":0},"end":{"line":687,"column":78}},"687":{"start":{"line":688,"column":0},"end":{"line":688,"column":22}},"688":{"start":{"line":689,"column":0},"end":{"line":689,"column":20}},"690":{"start":{"line":691,"column":0},"end":{"line":691,"column":28}},"691":{"start":{"line":692,"column":0},"end":{"line":692,"column":64}},"692":{"start":{"line":693,"column":0},"end":{"line":693,"column":23}},"693":{"start":{"line":694,"column":0},"end":{"line":694,"column":95}},"694":{"start":{"line":695,"column":0},"end":{"line":695,"column":110}},"695":{"start":{"line":696,"column":0},"end":{"line":696,"column":81}},"696":{"start":{"line":697,"column":0},"end":{"line":697,"column":26}},"697":{"start":{"line":698,"column":0},"end":{"line":698,"column":24}},"698":{"start":{"line":699,"column":0},"end":{"line":699,"column":23}},"699":{"start":{"line":700,"column":0},"end":{"line":700,"column":98}},"700":{"start":{"line":701,"column":0},"end":{"line":701,"column":109}},"701":{"start":{"line":702,"column":0},"end":{"line":702,"column":82}},"702":{"start":{"line":703,"column":0},"end":{"line":703,"column":26}},"703":{"start":{"line":704,"column":0},"end":{"line":704,"column":24}},"704":{"start":{"line":705,"column":0},"end":{"line":705,"column":22}},"706":{"start":{"line":707,"column":0},"end":{"line":707,"column":18}},"709":{"start":{"line":710,"column":0},"end":{"line":710,"column":70}},"710":{"start":{"line":711,"column":0},"end":{"line":711,"column":41}},"712":{"start":{"line":713,"column":0},"end":{"line":713,"column":65}},"714":{"start":{"line":715,"column":0},"end":{"line":715,"column":44}},"715":{"start":{"line":716,"column":0},"end":{"line":716,"column":121}},"716":{"start":{"line":717,"column":0},"end":{"line":717,"column":46}},"717":{"start":{"line":718,"column":0},"end":{"line":718,"column":117}},"718":{"start":{"line":719,"column":0},"end":{"line":719,"column":28}},"719":{"start":{"line":720,"column":0},"end":{"line":720,"column":41}},"720":{"start":{"line":721,"column":0},"end":{"line":721,"column":35}},"721":{"start":{"line":722,"column":0},"end":{"line":722,"column":93}},"722":{"start":{"line":723,"column":0},"end":{"line":723,"column":42}},"723":{"start":{"line":724,"column":0},"end":{"line":724,"column":71}},"724":{"start":{"line":725,"column":0},"end":{"line":725,"column":177}},"725":{"start":{"line":726,"column":0},"end":{"line":726,"column":24}},"726":{"start":{"line":727,"column":0},"end":{"line":727,"column":26}},"727":{"start":{"line":728,"column":0},"end":{"line":728,"column":24}},"730":{"start":{"line":731,"column":0},"end":{"line":731,"column":80}},"732":{"start":{"line":733,"column":0},"end":{"line":733,"column":25}},"733":{"start":{"line":734,"column":0},"end":{"line":734,"column":134}},"734":{"start":{"line":735,"column":0},"end":{"line":735,"column":27}},"735":{"start":{"line":736,"column":0},"end":{"line":736,"column":42}},"736":{"start":{"line":737,"column":0},"end":{"line":737,"column":44}},"737":{"start":{"line":738,"column":0},"end":{"line":738,"column":73}},"738":{"start":{"line":739,"column":0},"end":{"line":739,"column":178}},"740":{"start":{"line":741,"column":0},"end":{"line":741,"column":97}},"741":{"start":{"line":742,"column":0},"end":{"line":742,"column":78}},"742":{"start":{"line":743,"column":0},"end":{"line":743,"column":114}},"743":{"start":{"line":744,"column":0},"end":{"line":744,"column":53}},"744":{"start":{"line":745,"column":0},"end":{"line":745,"column":32}},"745":{"start":{"line":746,"column":0},"end":{"line":746,"column":56}},"746":{"start":{"line":747,"column":0},"end":{"line":747,"column":60}},"747":{"start":{"line":748,"column":0},"end":{"line":748,"column":35}},"749":{"start":{"line":750,"column":0},"end":{"line":750,"column":25}},"750":{"start":{"line":751,"column":0},"end":{"line":751,"column":29}},"751":{"start":{"line":752,"column":0},"end":{"line":752,"column":24}},"754":{"start":{"line":755,"column":0},"end":{"line":755,"column":23}},"755":{"start":{"line":756,"column":0},"end":{"line":756,"column":121}},"756":{"start":{"line":757,"column":0},"end":{"line":757,"column":27}},"757":{"start":{"line":758,"column":0},"end":{"line":758,"column":37}},"758":{"start":{"line":759,"column":0},"end":{"line":759,"column":43}},"759":{"start":{"line":760,"column":0},"end":{"line":760,"column":72}},"760":{"start":{"line":761,"column":0},"end":{"line":761,"column":178}},"762":{"start":{"line":763,"column":0},"end":{"line":763,"column":59}},"763":{"start":{"line":764,"column":0},"end":{"line":764,"column":121}},"764":{"start":{"line":765,"column":0},"end":{"line":765,"column":114}},"765":{"start":{"line":766,"column":0},"end":{"line":766,"column":32}},"766":{"start":{"line":767,"column":0},"end":{"line":767,"column":56}},"767":{"start":{"line":768,"column":0},"end":{"line":768,"column":43}},"768":{"start":{"line":769,"column":0},"end":{"line":769,"column":35}},"770":{"start":{"line":771,"column":0},"end":{"line":771,"column":25}},"771":{"start":{"line":772,"column":0},"end":{"line":772,"column":29}},"772":{"start":{"line":773,"column":0},"end":{"line":773,"column":24}},"775":{"start":{"line":776,"column":0},"end":{"line":776,"column":23}},"776":{"start":{"line":777,"column":0},"end":{"line":777,"column":126}},"777":{"start":{"line":778,"column":0},"end":{"line":778,"column":27}},"778":{"start":{"line":779,"column":0},"end":{"line":779,"column":39}},"779":{"start":{"line":780,"column":0},"end":{"line":780,"column":41}},"780":{"start":{"line":781,"column":0},"end":{"line":781,"column":70}},"781":{"start":{"line":782,"column":0},"end":{"line":782,"column":178}},"783":{"start":{"line":784,"column":0},"end":{"line":784,"column":61}},"784":{"start":{"line":785,"column":0},"end":{"line":785,"column":149}},"785":{"start":{"line":786,"column":0},"end":{"line":786,"column":126}},"786":{"start":{"line":787,"column":0},"end":{"line":787,"column":92}},"787":{"start":{"line":788,"column":0},"end":{"line":788,"column":86}},"788":{"start":{"line":789,"column":0},"end":{"line":789,"column":92}},"789":{"start":{"line":790,"column":0},"end":{"line":790,"column":99}},"790":{"start":{"line":791,"column":0},"end":{"line":791,"column":32}},"791":{"start":{"line":792,"column":0},"end":{"line":792,"column":60}},"792":{"start":{"line":793,"column":0},"end":{"line":793,"column":49}},"793":{"start":{"line":794,"column":0},"end":{"line":794,"column":35}},"795":{"start":{"line":796,"column":0},"end":{"line":796,"column":25}},"796":{"start":{"line":797,"column":0},"end":{"line":797,"column":29}},"797":{"start":{"line":798,"column":0},"end":{"line":798,"column":24}},"800":{"start":{"line":801,"column":0},"end":{"line":801,"column":23}},"801":{"start":{"line":802,"column":0},"end":{"line":802,"column":126}},"802":{"start":{"line":803,"column":0},"end":{"line":803,"column":27}},"803":{"start":{"line":804,"column":0},"end":{"line":804,"column":40}},"804":{"start":{"line":805,"column":0},"end":{"line":805,"column":42}},"805":{"start":{"line":806,"column":0},"end":{"line":806,"column":71}},"806":{"start":{"line":807,"column":0},"end":{"line":807,"column":178}},"808":{"start":{"line":809,"column":0},"end":{"line":809,"column":59}},"809":{"start":{"line":810,"column":0},"end":{"line":810,"column":148}},"810":{"start":{"line":811,"column":0},"end":{"line":811,"column":116}},"811":{"start":{"line":812,"column":0},"end":{"line":812,"column":80}},"812":{"start":{"line":813,"column":0},"end":{"line":813,"column":125}},"813":{"start":{"line":814,"column":0},"end":{"line":814,"column":32}},"814":{"start":{"line":815,"column":0},"end":{"line":815,"column":64}},"815":{"start":{"line":816,"column":0},"end":{"line":816,"column":47}},"816":{"start":{"line":817,"column":0},"end":{"line":817,"column":35}},"818":{"start":{"line":819,"column":0},"end":{"line":819,"column":25}},"819":{"start":{"line":820,"column":0},"end":{"line":820,"column":29}},"820":{"start":{"line":821,"column":0},"end":{"line":821,"column":24}},"821":{"start":{"line":822,"column":0},"end":{"line":822,"column":22}},"824":{"start":{"line":825,"column":0},"end":{"line":825,"column":21}},"825":{"start":{"line":826,"column":0},"end":{"line":826,"column":25}},"826":{"start":{"line":827,"column":0},"end":{"line":827,"column":80}},"827":{"start":{"line":828,"column":0},"end":{"line":828,"column":109}},"829":{"start":{"line":830,"column":0},"end":{"line":830,"column":118}},"831":{"start":{"line":832,"column":0},"end":{"line":832,"column":27}},"833":{"start":{"line":834,"column":0},"end":{"line":834,"column":43}},"834":{"start":{"line":835,"column":0},"end":{"line":835,"column":91}},"835":{"start":{"line":836,"column":0},"end":{"line":836,"column":60}},"837":{"start":{"line":838,"column":0},"end":{"line":838,"column":55}},"838":{"start":{"line":839,"column":0},"end":{"line":839,"column":140}},"839":{"start":{"line":840,"column":0},"end":{"line":840,"column":33}},"840":{"start":{"line":841,"column":0},"end":{"line":841,"column":52}},"841":{"start":{"line":842,"column":0},"end":{"line":842,"column":53}},"842":{"start":{"line":843,"column":0},"end":{"line":843,"column":82}},"843":{"start":{"line":844,"column":0},"end":{"line":844,"column":184}},"845":{"start":{"line":846,"column":0},"end":{"line":846,"column":66}},"846":{"start":{"line":847,"column":0},"end":{"line":847,"column":83}},"847":{"start":{"line":848,"column":0},"end":{"line":848,"column":125}},"848":{"start":{"line":849,"column":0},"end":{"line":849,"column":59}},"849":{"start":{"line":850,"column":0},"end":{"line":850,"column":38}},"850":{"start":{"line":851,"column":0},"end":{"line":851,"column":62}},"851":{"start":{"line":852,"column":0},"end":{"line":852,"column":74}},"852":{"start":{"line":853,"column":0},"end":{"line":853,"column":41}},"854":{"start":{"line":855,"column":0},"end":{"line":855,"column":31}},"855":{"start":{"line":856,"column":0},"end":{"line":856,"column":35}},"856":{"start":{"line":857,"column":0},"end":{"line":857,"column":30}},"859":{"start":{"line":860,"column":0},"end":{"line":860,"column":55}},"860":{"start":{"line":861,"column":0},"end":{"line":861,"column":152}},"861":{"start":{"line":862,"column":0},"end":{"line":862,"column":33}},"862":{"start":{"line":863,"column":0},"end":{"line":863,"column":56}},"863":{"start":{"line":864,"column":0},"end":{"line":864,"column":57}},"864":{"start":{"line":865,"column":0},"end":{"line":865,"column":86}},"865":{"start":{"line":866,"column":0},"end":{"line":866,"column":184}},"867":{"start":{"line":868,"column":0},"end":{"line":868,"column":66}},"868":{"start":{"line":869,"column":0},"end":{"line":869,"column":157}},"869":{"start":{"line":870,"column":0},"end":{"line":870,"column":105}},"870":{"start":{"line":871,"column":0},"end":{"line":871,"column":134}},"871":{"start":{"line":872,"column":0},"end":{"line":872,"column":38}},"872":{"start":{"line":873,"column":0},"end":{"line":873,"column":64}},"873":{"start":{"line":874,"column":0},"end":{"line":874,"column":64}},"874":{"start":{"line":875,"column":0},"end":{"line":875,"column":41}},"876":{"start":{"line":877,"column":0},"end":{"line":877,"column":31}},"877":{"start":{"line":878,"column":0},"end":{"line":878,"column":35}},"878":{"start":{"line":879,"column":0},"end":{"line":879,"column":30}},"879":{"start":{"line":880,"column":0},"end":{"line":880,"column":28}},"880":{"start":{"line":881,"column":0},"end":{"line":881,"column":26}},"882":{"start":{"line":883,"column":0},"end":{"line":883,"column":22}},"885":{"start":{"line":886,"column":0},"end":{"line":886,"column":206}},"886":{"start":{"line":887,"column":0},"end":{"line":887,"column":69}},"887":{"start":{"line":888,"column":0},"end":{"line":888,"column":82}},"888":{"start":{"line":889,"column":0},"end":{"line":889,"column":50}},"889":{"start":{"line":890,"column":0},"end":{"line":890,"column":177}},"890":{"start":{"line":891,"column":0},"end":{"line":891,"column":102}},"891":{"start":{"line":892,"column":0},"end":{"line":892,"column":31}},"893":{"start":{"line":894,"column":0},"end":{"line":894,"column":49}},"894":{"start":{"line":895,"column":0},"end":{"line":895,"column":182}},"895":{"start":{"line":896,"column":0},"end":{"line":896,"column":46}},"896":{"start":{"line":897,"column":0},"end":{"line":897,"column":31}},"898":{"start":{"line":899,"column":0},"end":{"line":899,"column":47}},"899":{"start":{"line":900,"column":0},"end":{"line":900,"column":180}},"900":{"start":{"line":901,"column":0},"end":{"line":901,"column":39}},"901":{"start":{"line":902,"column":0},"end":{"line":902,"column":31}},"903":{"start":{"line":904,"column":0},"end":{"line":904,"column":48}},"904":{"start":{"line":905,"column":0},"end":{"line":905,"column":175}},"905":{"start":{"line":906,"column":0},"end":{"line":906,"column":144}},"906":{"start":{"line":907,"column":0},"end":{"line":907,"column":31}},"908":{"start":{"line":909,"column":0},"end":{"line":909,"column":53}},"909":{"start":{"line":910,"column":0},"end":{"line":910,"column":183}},"910":{"start":{"line":911,"column":0},"end":{"line":911,"column":164}},"911":{"start":{"line":912,"column":0},"end":{"line":912,"column":31}},"913":{"start":{"line":914,"column":0},"end":{"line":914,"column":57}},"914":{"start":{"line":915,"column":0},"end":{"line":915,"column":184}},"915":{"start":{"line":916,"column":0},"end":{"line":916,"column":112}},"916":{"start":{"line":917,"column":0},"end":{"line":917,"column":31}},"918":{"start":{"line":919,"column":0},"end":{"line":919,"column":36}},"919":{"start":{"line":920,"column":0},"end":{"line":920,"column":170}},"920":{"start":{"line":921,"column":0},"end":{"line":921,"column":48}},"921":{"start":{"line":922,"column":0},"end":{"line":922,"column":31}},"923":{"start":{"line":924,"column":0},"end":{"line":924,"column":27}},"924":{"start":{"line":925,"column":0},"end":{"line":925,"column":38}},"925":{"start":{"line":926,"column":0},"end":{"line":926,"column":49}},"926":{"start":{"line":927,"column":0},"end":{"line":927,"column":48}},"927":{"start":{"line":928,"column":0},"end":{"line":928,"column":46}},"928":{"start":{"line":929,"column":0},"end":{"line":929,"column":47}},"929":{"start":{"line":930,"column":0},"end":{"line":930,"column":52}},"930":{"start":{"line":931,"column":0},"end":{"line":931,"column":56}},"931":{"start":{"line":932,"column":0},"end":{"line":932,"column":42}},"932":{"start":{"line":933,"column":0},"end":{"line":933,"column":24}},"933":{"start":{"line":934,"column":0},"end":{"line":934,"column":100}},"934":{"start":{"line":935,"column":0},"end":{"line":935,"column":21}},"936":{"start":{"line":937,"column":0},"end":{"line":937,"column":29}},"937":{"start":{"line":938,"column":0},"end":{"line":938,"column":24}},"939":{"start":{"line":940,"column":0},"end":{"line":940,"column":20}},"940":{"start":{"line":941,"column":0},"end":{"line":941,"column":18}},"943":{"start":{"line":944,"column":0},"end":{"line":944,"column":70}},"944":{"start":{"line":945,"column":0},"end":{"line":945,"column":70}},"945":{"start":{"line":946,"column":0},"end":{"line":946,"column":100}},"946":{"start":{"line":947,"column":0},"end":{"line":947,"column":100}},"947":{"start":{"line":948,"column":0},"end":{"line":948,"column":20}},"948":{"start":{"line":949,"column":0},"end":{"line":949,"column":72}},"949":{"start":{"line":950,"column":0},"end":{"line":950,"column":46}},"950":{"start":{"line":951,"column":0},"end":{"line":951,"column":119}},"951":{"start":{"line":952,"column":0},"end":{"line":952,"column":86}},"952":{"start":{"line":953,"column":0},"end":{"line":953,"column":26}},"953":{"start":{"line":954,"column":0},"end":{"line":954,"column":25}},"954":{"start":{"line":955,"column":0},"end":{"line":955,"column":40}},"955":{"start":{"line":956,"column":0},"end":{"line":956,"column":115}},"956":{"start":{"line":957,"column":0},"end":{"line":957,"column":63}},"957":{"start":{"line":958,"column":0},"end":{"line":958,"column":66}},"958":{"start":{"line":959,"column":0},"end":{"line":959,"column":67}},"959":{"start":{"line":960,"column":0},"end":{"line":960,"column":25}},"960":{"start":{"line":961,"column":0},"end":{"line":961,"column":77}},"963":{"start":{"line":964,"column":0},"end":{"line":964,"column":35}},"964":{"start":{"line":965,"column":0},"end":{"line":965,"column":62}},"965":{"start":{"line":966,"column":0},"end":{"line":966,"column":31}},"966":{"start":{"line":967,"column":0},"end":{"line":967,"column":42}},"967":{"start":{"line":968,"column":0},"end":{"line":968,"column":35}},"968":{"start":{"line":969,"column":0},"end":{"line":969,"column":132}},"969":{"start":{"line":970,"column":0},"end":{"line":970,"column":28}},"970":{"start":{"line":971,"column":0},"end":{"line":971,"column":115}},"971":{"start":{"line":972,"column":0},"end":{"line":972,"column":30}},"974":{"start":{"line":975,"column":0},"end":{"line":975,"column":57}},"975":{"start":{"line":976,"column":0},"end":{"line":976,"column":79}},"976":{"start":{"line":977,"column":0},"end":{"line":977,"column":67}},"977":{"start":{"line":978,"column":0},"end":{"line":978,"column":85}},"978":{"start":{"line":979,"column":0},"end":{"line":979,"column":150}},"979":{"start":{"line":980,"column":0},"end":{"line":980,"column":32}},"980":{"start":{"line":981,"column":0},"end":{"line":981,"column":84}},"981":{"start":{"line":982,"column":0},"end":{"line":982,"column":77}},"982":{"start":{"line":983,"column":0},"end":{"line":983,"column":61}},"983":{"start":{"line":984,"column":0},"end":{"line":984,"column":63}},"984":{"start":{"line":985,"column":0},"end":{"line":985,"column":30}},"985":{"start":{"line":986,"column":0},"end":{"line":986,"column":74}},"986":{"start":{"line":987,"column":0},"end":{"line":987,"column":33}},"987":{"start":{"line":988,"column":0},"end":{"line":988,"column":30}},"988":{"start":{"line":989,"column":0},"end":{"line":989,"column":98}},"989":{"start":{"line":990,"column":0},"end":{"line":990,"column":109}},"990":{"start":{"line":991,"column":0},"end":{"line":991,"column":67}},"991":{"start":{"line":992,"column":0},"end":{"line":992,"column":40}},"992":{"start":{"line":993,"column":0},"end":{"line":993,"column":104}},"993":{"start":{"line":994,"column":0},"end":{"line":994,"column":46}},"994":{"start":{"line":995,"column":0},"end":{"line":995,"column":35}},"996":{"start":{"line":997,"column":0},"end":{"line":997,"column":118}},"997":{"start":{"line":998,"column":0},"end":{"line":998,"column":65}},"998":{"start":{"line":999,"column":0},"end":{"line":999,"column":33}},"999":{"start":{"line":1000,"column":0},"end":{"line":1000,"column":135}},"1000":{"start":{"line":1001,"column":0},"end":{"line":1001,"column":65}},"1001":{"start":{"line":1002,"column":0},"end":{"line":1002,"column":33}},"1002":{"start":{"line":1003,"column":0},"end":{"line":1003,"column":30}},"1003":{"start":{"line":1004,"column":0},"end":{"line":1004,"column":70}},"1004":{"start":{"line":1005,"column":0},"end":{"line":1005,"column":48}},"1005":{"start":{"line":1006,"column":0},"end":{"line":1006,"column":138}},"1006":{"start":{"line":1007,"column":0},"end":{"line":1007,"column":75}},"1007":{"start":{"line":1008,"column":0},"end":{"line":1008,"column":35}},"1008":{"start":{"line":1009,"column":0},"end":{"line":1009,"column":32}},"1011":{"start":{"line":1012,"column":0},"end":{"line":1012,"column":62}},"1012":{"start":{"line":1013,"column":0},"end":{"line":1013,"column":69}},"1013":{"start":{"line":1014,"column":0},"end":{"line":1014,"column":130}},"1014":{"start":{"line":1015,"column":0},"end":{"line":1015,"column":69}},"1015":{"start":{"line":1016,"column":0},"end":{"line":1016,"column":35}},"1016":{"start":{"line":1017,"column":0},"end":{"line":1017,"column":63}},"1017":{"start":{"line":1018,"column":0},"end":{"line":1018,"column":76}},"1018":{"start":{"line":1019,"column":0},"end":{"line":1019,"column":147}},"1019":{"start":{"line":1020,"column":0},"end":{"line":1020,"column":34}},"1020":{"start":{"line":1021,"column":0},"end":{"line":1021,"column":154}},"1021":{"start":{"line":1022,"column":0},"end":{"line":1022,"column":37}},"1023":{"start":{"line":1024,"column":0},"end":{"line":1024,"column":32}},"1026":{"start":{"line":1027,"column":0},"end":{"line":1027,"column":113}},"1027":{"start":{"line":1028,"column":0},"end":{"line":1028,"column":80}},"1028":{"start":{"line":1029,"column":0},"end":{"line":1029,"column":77}},"1029":{"start":{"line":1030,"column":0},"end":{"line":1030,"column":77}},"1030":{"start":{"line":1031,"column":0},"end":{"line":1031,"column":84}},"1031":{"start":{"line":1032,"column":0},"end":{"line":1032,"column":62}},"1032":{"start":{"line":1033,"column":0},"end":{"line":1033,"column":37}},"1033":{"start":{"line":1034,"column":0},"end":{"line":1034,"column":31}},"1034":{"start":{"line":1035,"column":0},"end":{"line":1035,"column":32}},"1036":{"start":{"line":1037,"column":0},"end":{"line":1037,"column":58}},"1037":{"start":{"line":1038,"column":0},"end":{"line":1038,"column":84}},"1038":{"start":{"line":1039,"column":0},"end":{"line":1039,"column":83}},"1039":{"start":{"line":1040,"column":0},"end":{"line":1040,"column":80}},"1040":{"start":{"line":1041,"column":0},"end":{"line":1041,"column":81}},"1041":{"start":{"line":1042,"column":0},"end":{"line":1042,"column":34}},"1042":{"start":{"line":1043,"column":0},"end":{"line":1043,"column":83}},"1043":{"start":{"line":1044,"column":0},"end":{"line":1044,"column":72}},"1044":{"start":{"line":1045,"column":0},"end":{"line":1045,"column":80}},"1045":{"start":{"line":1046,"column":0},"end":{"line":1046,"column":123}},"1046":{"start":{"line":1047,"column":0},"end":{"line":1047,"column":34}},"1047":{"start":{"line":1048,"column":0},"end":{"line":1048,"column":32}},"1049":{"start":{"line":1050,"column":0},"end":{"line":1050,"column":115}},"1050":{"start":{"line":1051,"column":0},"end":{"line":1051,"column":96}},"1051":{"start":{"line":1052,"column":0},"end":{"line":1052,"column":63}},"1052":{"start":{"line":1053,"column":0},"end":{"line":1053,"column":102}},"1053":{"start":{"line":1054,"column":0},"end":{"line":1054,"column":32}},"1055":{"start":{"line":1056,"column":0},"end":{"line":1056,"column":69}},"1056":{"start":{"line":1057,"column":0},"end":{"line":1057,"column":95}},"1057":{"start":{"line":1058,"column":0},"end":{"line":1058,"column":58}},"1058":{"start":{"line":1059,"column":0},"end":{"line":1059,"column":111}},"1059":{"start":{"line":1060,"column":0},"end":{"line":1060,"column":32}},"1061":{"start":{"line":1062,"column":0},"end":{"line":1062,"column":28}},"1062":{"start":{"line":1063,"column":0},"end":{"line":1063,"column":26}},"1064":{"start":{"line":1065,"column":0},"end":{"line":1065,"column":19}},"1065":{"start":{"line":1066,"column":0},"end":{"line":1066,"column":20}},"1066":{"start":{"line":1067,"column":0},"end":{"line":1067,"column":47}},"1067":{"start":{"line":1068,"column":0},"end":{"line":1068,"column":64}},"1069":{"start":{"line":1070,"column":0},"end":{"line":1070,"column":22}},"1071":{"start":{"line":1072,"column":0},"end":{"line":1072,"column":18}},"1074":{"start":{"line":1075,"column":0},"end":{"line":1075,"column":31}},"1075":{"start":{"line":1076,"column":0},"end":{"line":1076,"column":48}},"1076":{"start":{"line":1077,"column":0},"end":{"line":1077,"column":23}},"1077":{"start":{"line":1078,"column":0},"end":{"line":1078,"column":57}},"1078":{"start":{"line":1079,"column":0},"end":{"line":1079,"column":147}},"1079":{"start":{"line":1080,"column":0},"end":{"line":1080,"column":17}},"1080":{"start":{"line":1081,"column":0},"end":{"line":1081,"column":81}},"1081":{"start":{"line":1082,"column":0},"end":{"line":1082,"column":52}},"1082":{"start":{"line":1083,"column":0},"end":{"line":1083,"column":25}},"1083":{"start":{"line":1084,"column":0},"end":{"line":1084,"column":20}},"1085":{"start":{"line":1086,"column":0},"end":{"line":1086,"column":16}},"1086":{"start":{"line":1087,"column":0},"end":{"line":1087,"column":16}},"1090":{"start":{"line":1091,"column":0},"end":{"line":1091,"column":54}},"1091":{"start":{"line":1092,"column":0},"end":{"line":1092,"column":37}},"1092":{"start":{"line":1093,"column":0},"end":{"line":1093,"column":25}},"1093":{"start":{"line":1094,"column":0},"end":{"line":1094,"column":49}},"1094":{"start":{"line":1095,"column":0},"end":{"line":1095,"column":49}},"1095":{"start":{"line":1096,"column":0},"end":{"line":1096,"column":14}},"1098":{"start":{"line":1099,"column":0},"end":{"line":1099,"column":70}},"1099":{"start":{"line":1100,"column":0},"end":{"line":1100,"column":102}},"1100":{"start":{"line":1101,"column":0},"end":{"line":1101,"column":86}},"1101":{"start":{"line":1102,"column":0},"end":{"line":1102,"column":56}},"1102":{"start":{"line":1103,"column":0},"end":{"line":1103,"column":61}},"1103":{"start":{"line":1104,"column":0},"end":{"line":1104,"column":102}},"1104":{"start":{"line":1105,"column":0},"end":{"line":1105,"column":42}},"1105":{"start":{"line":1106,"column":0},"end":{"line":1106,"column":55}},"1106":{"start":{"line":1107,"column":0},"end":{"line":1107,"column":47}},"1107":{"start":{"line":1108,"column":0},"end":{"line":1108,"column":62}},"1108":{"start":{"line":1109,"column":0},"end":{"line":1109,"column":55}},"1109":{"start":{"line":1110,"column":0},"end":{"line":1110,"column":24}},"1110":{"start":{"line":1111,"column":0},"end":{"line":1111,"column":46}},"1111":{"start":{"line":1112,"column":0},"end":{"line":1112,"column":64}},"1112":{"start":{"line":1113,"column":0},"end":{"line":1113,"column":66}},"1113":{"start":{"line":1114,"column":0},"end":{"line":1114,"column":73}},"1115":{"start":{"line":1116,"column":0},"end":{"line":1116,"column":78}},"1117":{"start":{"line":1118,"column":0},"end":{"line":1118,"column":78}},"1118":{"start":{"line":1119,"column":0},"end":{"line":1119,"column":47}},"1119":{"start":{"line":1120,"column":0},"end":{"line":1120,"column":29}},"1120":{"start":{"line":1121,"column":0},"end":{"line":1121,"column":26}},"1121":{"start":{"line":1122,"column":0},"end":{"line":1122,"column":60}},"1122":{"start":{"line":1123,"column":0},"end":{"line":1123,"column":61}},"1123":{"start":{"line":1124,"column":0},"end":{"line":1124,"column":80}},"1124":{"start":{"line":1125,"column":0},"end":{"line":1125,"column":28}},"1126":{"start":{"line":1127,"column":0},"end":{"line":1127,"column":24}},"1127":{"start":{"line":1128,"column":0},"end":{"line":1128,"column":19}},"1128":{"start":{"line":1129,"column":0},"end":{"line":1129,"column":20}},"1129":{"start":{"line":1130,"column":0},"end":{"line":1130,"column":18}},"1132":{"start":{"line":1133,"column":0},"end":{"line":1133,"column":70}},"1133":{"start":{"line":1134,"column":0},"end":{"line":1134,"column":85}},"1134":{"start":{"line":1135,"column":0},"end":{"line":1135,"column":41}},"1135":{"start":{"line":1136,"column":0},"end":{"line":1136,"column":69}},"1136":{"start":{"line":1137,"column":0},"end":{"line":1137,"column":23}},"1137":{"start":{"line":1138,"column":0},"end":{"line":1138,"column":27}},"1138":{"start":{"line":1139,"column":0},"end":{"line":1139,"column":88}},"1139":{"start":{"line":1140,"column":0},"end":{"line":1140,"column":42}},"1140":{"start":{"line":1141,"column":0},"end":{"line":1141,"column":61}},"1141":{"start":{"line":1142,"column":0},"end":{"line":1142,"column":72}},"1142":{"start":{"line":1143,"column":0},"end":{"line":1143,"column":23}},"1144":{"start":{"line":1145,"column":0},"end":{"line":1145,"column":93}},"1145":{"start":{"line":1146,"column":0},"end":{"line":1146,"column":41}},"1146":{"start":{"line":1147,"column":0},"end":{"line":1147,"column":51}},"1147":{"start":{"line":1148,"column":0},"end":{"line":1148,"column":47}},"1148":{"start":{"line":1149,"column":0},"end":{"line":1149,"column":52}},"1149":{"start":{"lin
[...]
,"/Users/mbuchhorn/projects/dataspaces/MVD-health/frontend/src/services/ehrApi.ts": {"path":"/Users/mbuchhorn/projects/dataspaces/MVD-health/frontend/src/services/ehrApi.ts","all":true,"statementMap":{"0":{"start":{"line":1,"column":0},"end":{"line":1,"column":2}},"14":{"start":{"line":15,"column":0},"end":{"line":15,"column":88}},"17":{"start":{"line":18,"column":0},"end":{"line":18,"column":51}},"18":{"start":{"line":19,"column":0},"end":{"line":19,"column":67}},"21":{"start":{"line":22,"column":0},"end":{"line":22,"column":73}},"24":{"start":{"line":25,"column":0},"end":{"line":25,"column":53}},"25":{"start":{"line":26,"column":0},"end":{"line":26,"column":49}},"28":{"start":{"line":29,"column":0},"end":{"line":29,"column":32}},"29":{"start":{"line":30,"column":0},"end":{"line":30,"column":12}},"30":{"start":{"line":31,"column":0},"end":{"line":31,"column":39}},"31":{"start":{"line":32,"column":0},"end":{"line":32,"column":4}},"32":{"start":{"line":33,"column":0},"end":{"line":33,"column":3}},"39":{"start":{"line":40,"column":0},"end":{"line":40,"column":73}},"40":{"start":{"line":41,"column":0},"end":{"line":41,"column":65}},"41":{"start":{"line":42,"column":0},"end":{"line":42,"column":23}},"42":{"start":{"line":43,"column":0},"end":{"line":43,"column":1}},"47":{"start":{"line":48,"column":0},"end":{"line":48,"column":81}},"49":{"start":{"line":50,"column":0},"end":{"line":50,"column":45}},"50":{"start":{"line":51,"column":0},"end":{"line":51,"column":74}},"51":{"start":{"line":52,"column":0},"end":{"line":52,"column":23}},"52":{"start":{"line":53,"column":0},"end":{"line":53,"column":1}},"57":{"start":{"line":58,"column":0},"end":{"line":58,"column":62}},"58":{"start":{"line":59,"column":0},"end":{"line":59,"column":7}},"59":{"start":{"line":60,"column":0},"end":{"line":60,"column":66}},"60":{"start":{"line":61,"column":0},"end":{"line":61,"column":46}},"61":{"start":{"line":62,"column":0},"end":{"line":62,"column":11}},"62":{"start":{"line":63,"column":0},"end":{"line":63,"column":17}},"63":{"start":{"line":64,"column":0},"end":{"line":64,"column":3}},"64":{"start":{"line":65,"column":0},"end":{"line":65,"column":1}},"68":{"start":{"line":69,"column":0},"end":{"line":69,"column":62}},"69":{"start":{"line":70,"column":0},"end":{"line":70,"column":59}},"70":{"start":{"line":71,"column":0},"end":{"line":71,"column":28}},"71":{"start":{"line":72,"column":0},"end":{"line":72,"column":25}},"72":{"start":{"line":73,"column":0},"end":{"line":73,"column":5}},"73":{"start":{"line":74,"column":0},"end":{"line":74,"column":23}},"74":{"start":{"line":75,"column":0},"end":{"line":75,"column":1}},"76":{"start":{"line":77,"column":0},"end":{"line":77,"column":109}},"77":{"start":{"line":78,"column":0},"end":{"line":78,"column":76}},"78":{"start":{"line":79,"column":0},"end":{"line":79,"column":28}},"79":{"start":{"line":80,"column":0},"end":{"line":80,"column":30}},"80":{"start":{"line":81,"column":0},"end":{"line":81,"column":58}},"81":{"start":{"line":82,"column":0},"end":{"line":82,"column":19}},"82":{"start":{"line":83,"column":0},"end":{"line":83,"column":40}},"83":{"start":{"line":84,"column":0},"end":{"line":84,"column":16}},"84":{"start":{"line":85,"column":0},"end":{"line":85,"column":16}},"85":{"start":{"line":86,"column":0},"end":{"line":86,"column":16}},"86":{"start":{"line":87,"column":0},"end":{"line":87,"column":6}},"87":{"start":{"line":88,"column":0},"end":{"line":88,"column":5}},"88":{"start":{"line":89,"column":0},"end":{"line":89,"column":23}},"89":{"start":{"line":90,"column":0},"end":{"line":90,"column":1}},"99":{"start":{"line":100,"column":0},"end":{"line":100,"column":42}},"100":{"start":{"line":101,"column":0},"end":{"line":101,"column":18}},"101":{"start":{"line":102,"column":0},"end":{"line":102,"column":19}},"102":{"start":{"line":103,"column":0},"end":{"line":103,"column":21}},"103":{"start":{"line":104,"column":0},"end":{"line":104,"column":33}},"104":{"start":{"line":105,"column":0},"end":{"line":105,"column":81}},"105":{"start":{"line":106,"column":0},"end":{"line":106,"column":28}},"106":{"start":{"line":107,"column":0},"end":{"line":107,"column":31}},"107":{"start":{"line":108,"column":0},"end":{"line":108,"column":55}},"108":{"start":{"line":109,"column":0},"end":{"line":109,"column":32}},"109":{"start":{"line":110,"column":0},"end":{"line":110,"column":40}},"110":{"start":{"line":111,"column":0},"end":{"line":111,"column":13}},"111":{"start":{"line":112,"column":0},"end":{"line":112,"column":23}},"112":{"start":{"line":113,"column":0},"end":{"line":113,"column":22}},"113":{"start":{"line":114,"column":0},"end":{"line":114,"column":28}},"114":{"start":{"line":115,"column":0},"end":{"line":115,"column":21}},"115":{"start":{"line":116,"column":0},"end":{"line":116,"column":21}},"116":{"start":{"line":117,"column":0},"end":{"line":117,"column":22}},"117":{"start":{"line":118,"column":0},"end":{"line":118,"column":21}},"118":{"start":{"line":119,"column":0},"end":{"line":119,"column":53}},"119":{"start":{"line":120,"column":0},"end":{"line":120,"column":25}},"120":{"start":{"line":121,"column":0},"end":{"line":121,"column":31}},"121":{"start":{"line":122,"column":0},"end":{"line":122,"column":10}},"122":{"start":{"line":123,"column":0},"end":{"line":123,"column":9}},"123":{"start":{"line":124,"column":0},"end":{"line":124,"column":17}},"124":{"start":{"line":125,"column":0},"end":{"line":125,"column":22}},"125":{"start":{"line":126,"column":0},"end":{"line":126,"column":6}},"126":{"start":{"line":127,"column":0},"end":{"line":127,"column":26}},"127":{"start":{"line":128,"column":0},"end":{"line":128,"column":5}},"128":{"start":{"line":129,"column":0},"end":{"line":129,"column":23}},"129":{"start":{"line":130,"column":0},"end":{"line":130,"column":1}},"131":{"start":{"line":132,"column":0},"end":{"line":132,"column":73}},"132":{"start":{"line":133,"column":0},"end":{"line":133,"column":89}},"133":{"start":{"line":134,"column":0},"end":{"line":134,"column":28}},"134":{"start":{"line":135,"column":0},"end":{"line":135,"column":25}},"135":{"start":{"line":136,"column":0},"end":{"line":136,"column":5}},"136":{"start":{"line":137,"column":0},"end":{"line":137,"column":23}},"137":{"start":{"line":138,"column":0},"end":{"line":138,"column":1}},"151":{"start":{"line":152,"column":0},"end":{"line":152,"column":39}},"152":{"start":{"line":153,"column":0},"end":{"line":153,"column":18}},"153":{"start":{"line":154,"column":0},"end":{"line":154,"column":20}},"154":{"start":{"line":155,"column":0},"end":{"line":155,"column":29}},"155":{"start":{"line":156,"column":0},"end":{"line":156,"column":78}},"156":{"start":{"line":157,"column":0},"end":{"line":157,"column":28}},"157":{"start":{"line":158,"column":0},"end":{"line":158,"column":12}},"158":{"start":{"line":159,"column":0},"end":{"line":159,"column":55}},"159":{"start":{"line":160,"column":0},"end":{"line":160,"column":29}},"160":{"start":{"line":161,"column":0},"end":{"line":161,"column":15}},"161":{"start":{"line":162,"column":0},"end":{"line":162,"column":22}},"162":{"start":{"line":163,"column":0},"end":{"line":163,"column":24}},"163":{"start":{"line":164,"column":0},"end":{"line":164,"column":6}},"164":{"start":{"line":165,"column":0},"end":{"line":165,"column":40}},"165":{"start":{"line":166,"column":0},"end":{"line":166,"column":34}},"166":{"start":{"line":167,"column":0},"end":{"line":167,"column":5}},"167":{"start":{"line":168,"column":0},"end":{"line":168,"column":23}},"168":{"start":{"line":169,"column":0},"end":{"line":169,"column":1}},"170":{"start":{"line":171,"column":0},"end":{"line":171,"column":74}},"171":{"start":{"line":172,"column":0},"end":{"line":172,"column":86}},"172":{"start":{"line":173,"column":0},"end":{"line":173,"column":28}},"173":{"start":{"line":174,"column":0},"end":{"line":174,"column":25}},"174":{"start":{"line":175,"column":0},"end":{"line":175,"column":5}},"175":{"start":{"line":176,"column":0},"end":{"line":176,"column":23}},"176":{"start":{"line":177,"column":0},"end":{"line":177,"column":1}},"178":{"start":{"line":179,"column":0},"end":{"line":179,"column":90}},"179":{"start":{"line":180,"column":0},"end":{"line":180,"column":96}},"180":{"start":{"line":181,"column":0},"end":{"line":181,"column":23}},"181":{"start":{"line":182,"column":0},"end":{"line":182,"column":1}},"185":{"start":{"line":186,"column":0},"end":{"line":186,"column":41}},"186":{"start":{"line":187,"column":0},"end":{"line":187,"column":19}},"187":{"start":{"line":188,"column":0},"end":{"line":188,"column":23}},"188":{"start":{"line":189,"column":0},"end":{"line":189,"column":36}},"190":{"start":{"line":191,"column":0},"end":{"line":191,"column":87}},"192":{"start":{"line":193,"column":0},"end":{"line":193,"column":51}},"193":{"start":{"line":194,"column":0},"end":{"line":194,"column":14}},"194":{"start":{"line":195,"column":0},"end":{"line":195,"column":35}},"195":{"start":{"line":196,"column":0},"end":{"line":196,"column":6}},"196":{"start":{"line":197,"column":0},"end":{"line":197,"column":5}},"197":{"start":{"line":198,"column":0},"end":{"line":198,"column":23}},"198":{"start":{"line":199,"column":0},"end":{"line":199,"column":1}},"209":{"start":{"line":210,"column":0},"end":{"line":210,"column":46}},"210":{"start":{"line":211,"column":0},"end":{"line":211,"column":18}},"211":{"start":{"line":212,"column":0},"end":{"line":212,"column":19}},"212":{"start":{"line":213,"column":0},"end":{"line":213,"column":22}},"213":{"start":{"line":214,"column":0},"end":{"line":214,"column":53}},"214":{"start":{"line":215,"column":0},"end":{"line":215,"column":28}},"216":{"start":{"line":217,"column":0},"end":{"line":217,"column":42}},"217":{"start":{"line":218,"column":0},"end":{"line":218,"column":79}},"218":{"start":{"line":219,"column":0},"end":{"line":219,"column":43}},"221":{"start":{"line":222,"column":0},"end":{"line":222,"column":39}},"222":{"start":{"line":223,"column":0},"end":{"line":223,"column":19}},"223":{"start":{"line":224,"column":0},"end":{"line":224,"column":25}},"225":{"start":{"line":226,"column":0},"end":{"line":226,"column":78}},"226":{"start":{"line":227,"column":0},"end":{"line":227,"column":60}},"227":{"start":{"line":228,"column":0},"end":{"line":228,"column":49}},"228":{"start":{"line":229,"column":0},"end":{"line":229,"column":103}},"229":{"start":{"line":230,"column":0},"end":{"line":230,"column":58}},"230":{"start":{"line":231,"column":0},"end":{"line":231,"column":15}},"232":{"start":{"line":233,"column":0},"end":{"line":233,"column":52}},"233":{"start":{"line":234,"column":0},"end":{"line":234,"column":91}},"234":{"start":{"line":235,"column":0},"end":{"line":235,"column":5}},"235":{"start":{"line":236,"column":0},"end":{"line":236,"column":3}},"237":{"start":{"line":238,"column":0},"end":{"line":238,"column":49}},"238":{"start":{"line":239,"column":0},"end":{"line":239,"column":54}},"239":{"start":{"line":240,"column":0},"end":{"line":240,"column":3}},"241":{"start":{"line":242,"column":0},"end":{"line":242,"column":69}},"242":{"start":{"line":243,"column":0},"end":{"line":243,"column":29}},"243":{"start":{"line":244,"column":0},"end":{"line":244,"column":57}},"244":{"start":{"line":245,"column":0},"end":{"line":245,"column":3}},"247":{"start":{"line":248,"column":0},"end":{"line":248,"column":39}},"248":{"start":{"line":249,"column":0},"end":{"line":249,"column":72}},"249":{"start":{"line":250,"column":0},"end":{"line":250,"column":40}},"252":{"start":{"line":253,"column":0},"end":{"line":253,"column":33}},"253":{"start":{"line":254,"column":0},"end":{"line":254,"column":15}},"255":{"start":{"line":256,"column":0},"end":{"line":256,"column":73}},"256":{"start":{"line":257,"column":0},"end":{"line":257,"column":60}},"257":{"start":{"line":258,"column":0},"end":{"line":258,"column":51}},"258":{"start":{"line":259,"column":0},"end":{"line":259,"column":91}},"259":{"start":{"line":260,"column":0},"end":{"line":260,"column":52}},"260":{"start":{"line":261,"column":0},"end":{"line":261,"column":15}},"262":{"start":{"line":263,"column":0},"end":{"line":263,"column":49}},"263":{"start":{"line":264,"column":0},"end":{"line":264,"column":57}},"264":{"start":{"line":265,"column":0},"end":{"line":265,"column":5}},"265":{"start":{"line":266,"column":0},"end":{"line":266,"column":3}},"267":{"start":{"line":268,"column":0},"end":{"line":268,"column":44}},"268":{"start":{"line":269,"column":0},"end":{"line":269,"column":50}},"269":{"start":{"line":270,"column":0},"end":{"line":270,"column":3}},"272":{"start":{"line":273,"column":0},"end":{"line":273,"column":35}},"273":{"start":{"line":274,"column":0},"end":{"line":274,"column":63}},"274":{"start":{"line":275,"column":0},"end":{"line":275,"column":89}},"275":{"start":{"line":276,"column":0},"end":{"line":276,"column":35}},"277":{"start":{"line":278,"column":0},"end":{"line":278,"column":10}},"278":{"start":{"line":279,"column":0},"end":{"line":279,"column":36}},"279":{"start":{"line":280,"column":0},"end":{"line":280,"column":30}},"280":{"start":{"line":281,"column":0},"end":{"line":281,"column":16}},"281":{"start":{"line":282,"column":0},"end":{"line":282,"column":9}},"282":{"start":{"line":283,"column":0},"end":{"line":283,"column":4}},"283":{"start":{"line":284,"column":0},"end":{"line":284,"column":1}}},"s":{"0":0,"14":0,"17":0,"18":0,"21":0,"24":0,"25":0,"28":0,"29":0,"30":0,"31":0,"32":0,"39":0,"40":0,"41":0,"42":0,"47":0,"49":0,"50":0,"51":0,"52":0,"57":0,"58":0,"59":0,"60":0,"61":0,"62":0,"63":0,"64":0,"68":0,"69":0,"70":0,"71":0,"72":0,"73":0,"74":0,"76":0,"77":0,"78":0,"79":0,"80":0,"81":0,"82":0,"83":0,"84":0,"85":0,"86":0,"87":0,"88":0,"89":0,"99":0,"100":0,"101":0,"102":0,"103":0,"104":0,"105":0,"106":0,"107":0,"108":0,"109":0,"110":0,"111":0,"112":0,"113":0,"114":0,"115":0,"116":0,"117":0,"118":0,"119":0,"120":0,"121":0,"122":0,"123":0,"124":0,"125":0,"126":0,"127":0,"128":0,"129":0,"131":0,"132":0,"133":0,"134":0,"135":0,"136":0,"137":0,"151":0,"152":0,"153":0,"154":0,"155":0,"156":0,"157":0,"158":0,"159":0,"160":0,"161":0,"162":0,"163":0,"164":0,"165":0,"166":0,"167":0,"168":0,"170":0,"171":0,"172":0,"173":0,"174":0,"175":0,"176":0,"178":0,"179":0,"180":0,"181":0,"185":0,"186":0,"187":0,"188":0,"190":0,"192":0,"193":0,"194":0,"195":0,"196":0,"197":0,"198":0,"209":0,"210":0,"211":0,"212":0,"213":0,"214":0,"216":0,"217":0,"218":0,"221":0,"222":0,"223":0,"225":0,"226":0,"227":0,"228":0,"229":0,"230":0,"232":0,"233":0,"234":0,"235":0,"237":0,"238":0,"239":0,"241":0,"242":0,"243":0,"244":0,"247":0,"248":0,"249":0,"252":0,"253":0,"255":0,"256":0,"257":0,"258":0,"259":0,"260":0,"262":0,"263":0,"264":0,"265":0,"267":0,"268":0,"269":0,"272":0,"273":0,"274":0,"275":0,"277":0,"278":0,"279":0,"280":0,"281":0,"282":0,"283":0},"branchMap":{"0":{"type":"branch","line":1,"loc":{"start":{"line":1,"column":8444},"end":{"line":284,"column":1}},"locations":[{"start":{"line":1,"column":8444},"end":{"line":284,"column":1}}]}},"b":{"0":[0]},"fnMap":{"0":{"name":"(empty-report)","decl":{"start":{"line":1,"column":8444},"end":{"line":284,"column":1}},"loc":{"start":{"line":1,"column":8444},"end":{"line":284,"column":1}},"line":1}},"f":{"0":0}}
,"/Users/mbuchhorn/projects/dataspaces/MVD-health/frontend/src/services/__mocks__/apiFactory.ts": {"path":"/Users/mbuchhorn/projects/dataspaces/MVD-health/frontend/src/services/__mocks__/apiFactory.ts","all":false,"statementMap":{"0":{"start":{"line":1,"column":0},"end":{"line":1,"column":28}},"4":{"start":{"line":5,"column":0},"end":{"line":5,"column":71}},"5":{"start":{"line":6,"column":0},"end":{"line":6,"column":87}},"7":{"start":{"line":8,"column":0},"end":{"line":8,"column":20}},"8":{"start":{"line":9,"column":0},"end":{"line":9,"column":56}},"9":{"start":{"line":10,"column":0},"end":{"line":10,"column":36}},"10":{"start":{"line":11,"column":0},"end":{"line":11,"column":64}},"11":{"start":{"line":12,"column":0},"end":{"line":12,"column":64}},"12":{"start":{"line":13,"column":0},"end":{"line":13,"column":82}},"13":{"start":{"line":14,"column":0},"end":{"line":14,"column":111}},"14":{"start":{"line":15,"column":0},"end":{"line":15,"column":115}},"15":{"start":{"line":16,"column":0},"end":{"line":16,"column":97}},"16":{"start":{"line":17,"column":0},"end":{"line":17,"column":131}},"17":{"start":{"line":18,"column":0},"end":{"line":18,"column":113}},"18":{"start":{"line":19,"column":0},"end":{"line":19,"column":94}},"19":{"start":{"line":20,"column":0},"end":{"line":20,"column":141}},"20":{"start":{"line":21,"column":0},"end":{"line":21,"column":141}},"21":{"start":{"line":22,"column":0},"end":{"line":22,"column":94}},"22":{"start":{"line":23,"column":0},"end":{"line":23,"column":2}}},"s":{"0":1,"4":1,"5":1,"7":1,"8":1,"9":1,"10":1,"11":1,"12":1,"13":1,"14":1,"15":1,"16":1,"17":1,"18":1,"19":1,"20":1,"21":1,"22":1},"branchMap":{},"b":{},"fnMap":{},"f":{}}
,"/Users/mbuchhorn/projects/dataspaces/MVD-health/frontend/src/types/health.ts": {"path":"/Users/mbuchhorn/projects/dataspaces/MVD-health/frontend/src/types/health.ts","all":true,"statementMap":{},"s":{},"branchMap":{"0":{"type":"branch","line":1,"loc":{"start":{"line":1,"column":17403},"end":{"line":637,"column":1}},"locations":[{"start":{"line":1,"column":17403},"end":{"line":637,"column":1}}]}},"b":{"0":[1]},"fnMap":{"0":{"name":"(empty-report)","decl":{"start":{"line":1,"column":17403},"end":{"line":637,"column":1}},"loc":{"start":{"line":1,"column":17403},"end":{"line":637,"column":1}},"line":1}},"f":{"0":1}}
,"/Users/mbuchhorn/projects/dataspaces/MVD-health/frontend/src/types/index.ts": {"path":"/Users/mbuchhorn/projects/dataspaces/MVD-health/frontend/src/types/index.ts","all":true,"statementMap":{},"s":{},"branchMap":{"0":{"type":"branch","line":1,"loc":{"start":{"line":1,"column":4626},"end":{"line":219,"column":1}},"locations":[{"start":{"line":1,"column":4626},"end":{"line":219,"column":1}}]}},"b":{"0":[1]},"fnMap":{"0":{"name":"(empty-report)","decl":{"start":{"line":1,"column":4626},"end":{"line":219,"column":1}},"loc":{"start":{"line":1,"column":4626},"end":{"line":219,"column":1}},"line":1}},"f":{"0":1}}
}
